2015-04-20 11:20:57 [-][-][-][error][yii\db\Exception] exception 'PDOException' with message 'could not find driver' in C:\Users\radiofisik\Desktop\kgnictasks\root\vendor\yiisoft\yii2\db\Connection.php:579
Stack trace:
#0 C:\Users\radiofisik\Desktop\kgnictasks\root\vendor\yiisoft\yii2\db\Connection.php(579): PDO->__construct('mysql:host=loca...', 'root', 'usbw', NULL)
#1 C:\Users\radiofisik\Desktop\kgnictasks\root\vendor\yiisoft\yii2\db\Connection.php(529): yii\db\Connection->createPdoInstance()
#2 C:\Users\radiofisik\Desktop\kgnictasks\root\vendor\yiisoft\yii2\db\Connection.php(836): yii\db\Connection->open()
#3 C:\Users\radiofisik\Desktop\kgnictasks\root\vendor\yiisoft\yii2\db\Connection.php(823): yii\db\Connection->getMasterPdo()
#4 C:\Users\radiofisik\Desktop\kgnictasks\root\vendor\yiisoft\yii2\db\Command.php(208): yii\db\Connection->getSlavePdo()
#5 C:\Users\radiofisik\Desktop\kgnictasks\root\vendor\yiisoft\yii2\db\Command.php(816): yii\db\Command->prepare(true)
#6 C:\Users\radiofisik\Desktop\kgnictasks\root\vendor\yiisoft\yii2\db\Command.php(350): yii\db\Command->queryInternal('fetchAll', NULL)
#7 C:\Users\radiofisik\Desktop\kgnictasks\root\vendor\yiisoft\yii2\db\mysql\Schema.php(198): yii\db\Command->queryAll()
#8 C:\Users\radiofisik\Desktop\kgnictasks\root\vendor\yiisoft\yii2\db\mysql\Schema.php(97): yii\db\mysql\Schema->findColumns(Object(yii\db\TableSchema))
#9 C:\Users\radiofisik\Desktop\kgnictasks\root\vendor\yiisoft\yii2\db\Schema.php(140): yii\db\mysql\Schema->loadTableSchema('migration')
#10 C:\Users\radiofisik\Desktop\kgnictasks\root\vendor\yiisoft\yii2\console\controllers\MigrateController.php(121): yii\db\Schema->getTableSchema('{{%migration}}', true)
#11 C:\Users\radiofisik\Desktop\kgnictasks\root\vendor\yiisoft\yii2\console\controllers\BaseMigrateController.php(610): yii\console\controllers\MigrateController->getMigrationHistory(NULL)
#12 C:\Users\radiofisik\Desktop\kgnictasks\root\vendor\yiisoft\yii2\console\controllers\BaseMigrateController.php(102): yii\console\controllers\BaseMigrateController->getNewMigrations()
#13 [internal function]: yii\console\controllers\BaseMigrateController->actionUp(0)
#14 C:\Users\radiofisik\Desktop\kgnictasks\root\vendor\yiisoft\yii2\base\InlineAction.php(55): call_user_func_array(Array, Array)
#15 C:\Users\radiofisik\Desktop\kgnictasks\root\vendor\yiisoft\yii2\base\Controller.php(151): yii\base\InlineAction->runWithParams(Array)
#16 C:\Users\radiofisik\Desktop\kgnictasks\root\vendor\yiisoft\yii2\console\Controller.php(91): yii\base\Controller->runAction('', Array)
#17 C:\Users\radiofisik\Desktop\kgnictasks\root\vendor\yiisoft\yii2\base\Module.php(455): yii\console\Controller->runAction('', Array)
#18 C:\Users\radiofisik\Desktop\kgnictasks\root\vendor\yiisoft\yii2\console\Application.php(161): yii\base\Module->runAction('migrate', Array)
#19 C:\Users\radiofisik\Desktop\kgnictasks\root\vendor\yiisoft\yii2\console\Application.php(137): yii\console\Application->runAction('migrate', Array)
#20 C:\Users\radiofisik\Desktop\kgnictasks\root\vendor\yiisoft\yii2\base\Application.php(375): yii\console\Application->handleRequest(Object(yii\console\Request))
#21 C:\Users\radiofisik\Desktop\kgnictasks\root\yii(31): yii\base\Application->run()
#22 {main}

Next exception 'yii\db\Exception' with message 'could not find driver' in C:\Users\radiofisik\Desktop\kgnictasks\root\vendor\yiisoft\yii2\db\Connection.php:534
Stack trace:
#0 C:\Users\radiofisik\Desktop\kgnictasks\root\vendor\yiisoft\yii2\db\Connection.php(836): yii\db\Connection->open()
#1 C:\Users\radiofisik\Desktop\kgnictasks\root\vendor\yiisoft\yii2\db\Connection.php(823): yii\db\Connection->getMasterPdo()
#2 C:\Users\radiofisik\Desktop\kgnictasks\root\vendor\yiisoft\yii2\db\Command.php(208): yii\db\Connection->getSlavePdo()
#3 C:\Users\radiofisik\Desktop\kgnictasks\root\vendor\yiisoft\yii2\db\Command.php(816): yii\db\Command->prepare(true)
#4 C:\Users\radiofisik\Desktop\kgnictasks\root\vendor\yiisoft\yii2\db\Command.php(350): yii\db\Command->queryInternal('fetchAll', NULL)
#5 C:\Users\radiofisik\Desktop\kgnictasks\root\vendor\yiisoft\yii2\db\mysql\Schema.php(198): yii\db\Command->queryAll()
#6 C:\Users\radiofisik\Desktop\kgnictasks\root\vendor\yiisoft\yii2\db\mysql\Schema.php(97): yii\db\mysql\Schema->findColumns(Object(yii\db\TableSchema))
#7 C:\Users\radiofisik\Desktop\kgnictasks\root\vendor\yiisoft\yii2\db\Schema.php(140): yii\db\mysql\Schema->loadTableSchema('migration')
#8 C:\Users\radiofisik\Desktop\kgnictasks\root\vendor\yiisoft\yii2\console\controllers\MigrateController.php(121): yii\db\Schema->getTableSchema('{{%migration}}', true)
#9 C:\Users\radiofisik\Desktop\kgnictasks\root\vendor\yiisoft\yii2\console\controllers\BaseMigrateController.php(610): yii\console\controllers\MigrateController->getMigrationHistory(NULL)
#10 C:\Users\radiofisik\Desktop\kgnictasks\root\vendor\yiisoft\yii2\console\controllers\BaseMigrateController.php(102): yii\console\controllers\BaseMigrateController->getNewMigrations()
#11 [internal function]: yii\console\controllers\BaseMigrateController->actionUp(0)
#12 C:\Users\radiofisik\Desktop\kgnictasks\root\vendor\yiisoft\yii2\base\InlineAction.php(55): call_user_func_array(Array, Array)
#13 C:\Users\radiofisik\Desktop\kgnictasks\root\vendor\yiisoft\yii2\base\Controller.php(151): yii\base\InlineAction->runWithParams(Array)
#14 C:\Users\radiofisik\Desktop\kgnictasks\root\vendor\yiisoft\yii2\console\Controller.php(91): yii\base\Controller->runAction('', Array)
#15 C:\Users\radiofisik\Desktop\kgnictasks\root\vendor\yiisoft\yii2\base\Module.php(455): yii\console\Controller->runAction('', Array)
#16 C:\Users\radiofisik\Desktop\kgnictasks\root\vendor\yiisoft\yii2\console\Application.php(161): yii\base\Module->runAction('migrate', Array)
#17 C:\Users\radiofisik\Desktop\kgnictasks\root\vendor\yiisoft\yii2\console\Application.php(137): yii\console\Application->runAction('migrate', Array)
#18 C:\Users\radiofisik\Desktop\kgnictasks\root\vendor\yiisoft\yii2\base\Application.php(375): yii\console\Application->handleRequest(Object(yii\console\Request))
#19 C:\Users\radiofisik\Desktop\kgnictasks\root\yii(31): yii\base\Application->run()
#20 {main}
Additional Information:

2015-04-20 11:20:56 [-][-][-][info][application] $_SERVER = [
    'ALLUSERSPROFILE' => 'C:\\ProgramData'
    'AMDAPPSDKROOT' => 'C:\\Program Files (x86)\\AMD APP\\'
    'APPDATA' => 'C:\\Users\\radiofisik\\AppData\\Roaming'
    'CommonProgramFiles' => 'C:\\Program Files (x86)\\Common Files'
    'CommonProgramFiles(x86)' => 'C:\\Program Files (x86)\\Common Files'
    'CommonProgramW6432' => 'C:\\Program Files\\Common Files'
    'COMPUTERNAME' => 'UEC3901'
    'ComSpec' => 'C:\\Windows\\system32\\cmd.exe'
    'DevEnvDir' => 'c:\\Program Files (x86)\\Microsoft Visual Studio 10.0\\Common7\\IDE\\'
    'FP_NO_HOST_CHECK' => 'NO'
    'Framework35Version' => 'v3.5'
    'FrameworkDir' => 'c:\\Windows\\Microsoft.NET\\Framework\\'
    'FrameworkDIR32' => 'c:\\Windows\\Microsoft.NET\\Framework\\'
    'FrameworkVersion' => 'v4.0.30319'
    'FrameworkVersion32' => 'v4.0.30319'
    'HOMEDRIVE' => 'C:'
    'HOMEPATH' => '\\Users\\radiofisik'
    'INCLUDE' => 'c:\\Program Files (x86)\\Microsoft Visual Studio 10.0\\VC\\INCLUDE;c:\\Program Files (x86)\\Microsoft Visual Studio 10.0\\VC\\ATLMFC\\INCLUDE;C:\\Program Files (x86)\\Microsoft SDKs\\Windows\\v7.0A\\include;'
    'JAVA_HOME' => 'C:\\Program Files\\Java\\jdk1.7.0_10'
    'LIB' => 'c:\\Program Files (x86)\\Microsoft Visual Studio 10.0\\VC\\LIB;c:\\Program Files (x86)\\Microsoft Visual Studio 10.0\\VC\\ATLMFC\\LIB;C:\\Program Files (x86)\\Microsoft SDKs\\Windows\\v7.0A\\lib;'
    'LIBPATH' => 'c:\\Windows\\Microsoft.NET\\Framework\\v4.0.30319;c:\\Windows\\Microsoft.NET\\Framework\\v3.5;c:\\Program Files (x86)\\Microsoft Visual Studio 10.0\\VC\\LIB;c:\\Program Files (x86)\\Microsoft Visual Studio 10.0\\VC\\ATLMFC\\LIB;'
    'LOCALAPPDATA' => 'C:\\Users\\radiofisik\\AppData\\Local'
    'LOGONSERVER' => '\\\\ZENTYAL'
    'MIBDIRS' => 'C:\\php\\extras\\mibs'
    'NUMBER_OF_PROCESSORS' => '4'
    'OS' => 'Windows_NT'
    'Path' => 'c:\\Program Files (x86)\\Microsoft Visual Studio 10.0\\VSTSDB\\Deploy;c:\\Program Files (x86)\\Microsoft Visual Studio 10.0\\Common7\\IDE\\;c:\\Program Files (x86)\\Microsoft Visual Studio 10.0\\VC\\BIN;c:\\Program Files (x86)\\Microsoft Visual Studio 10.0\\Common7\\Tools;c:\\Windows\\Microsoft.NET\\Framework\\v4.0.30319;c:\\Windows\\Microsoft.NET\\Framework\\v3.5;c:\\Program Files (x86)\\Microsoft Visual Studio 10.0\\VC\\VCPackages;C:\\Program Files (x86)\\HTML Help Workshop;c:\\Program Files (x86)\\Microsoft Visual Studio 10.0\\Team Tools\\Performance Tools;C:\\Program Files (x86)\\Microsoft SDKs\\Windows\\v7.0A\\bin\\NETFX 4.0 Tools;C:\\Program Files (x86)\\Microsoft SDKs\\Windows\\v7.0A\\bin;C:\\ProgramData\\Oracle\\Java\\javapath;C:\\php\\;C:\\app\\atolkov\\product\\11.2.0\\client_1;C:\\app\\atolkov\\product\\11.2.0\\client_1\\bin;C:\\app\\NDubrovskiy\\product\\11.2.0\\client_1\\bin;C:\\Windows\\system32;C:\\Windows;C:\\Windows\\System32\\Wbem;C:\\Windows\\System32\\WindowsPowerShell\\v1.0\\;C:\\Windows\\System32\\Windows System Resource Manager\\bin;C:\\Windows\\idmu\\common;C:\\net-snmp\\bin;D:\\JAVA\\apache-maven-3.2.1\\bin;D:\\JAVA\\gradle-2.0\\bin;C:\\Program Files (x86)\\Java\\jdk1.8.0_05\\bin;C:\\Program Files\\Aladdin\\eToken\\PKIClient\\x32;C:\\Program Files\\Aladdin\\eToken\\PKIClient\\x64;C:\\Program Files (x86)\\Skype\\Phone\\;C:\\ProgramData\\ComposerSetup\\bin;C:\\Program Files (x86)\\Jar2Exe Wizard\\'
    'PATHEXT' => '.COM;.EXE;.BAT;.CMD;.VBS;.VBE;.JS;.JSE;.WSF;.WSH;.MSC'
    'PHPRC' => 'C:\\php\\'
    'PHP_COMMAND' => 'php.exe'
    'PROCESSOR_ARCHITECTURE' => 'x86'
    'PROCESSOR_ARCHITEW6432' => 'AMD64'
    'PROCESSOR_IDENTIFIER' => 'Intel64 Family 6 Model 58 Stepping 9, GenuineIntel'
    'PROCESSOR_LEVEL' => '6'
    'PROCESSOR_REVISION' => '3a09'
    'ProgramData' => 'C:\\ProgramData'
    'ProgramFiles' => 'C:\\Program Files (x86)'
    'ProgramFiles(x86)' => 'C:\\Program Files (x86)'
    'ProgramW6432' => 'C:\\Program Files'
    'PROMPT' => '$P$G'
    'PSModulePath' => 'C:\\Windows\\system32\\WindowsPowerShell\\v1.0\\Modules\\'
    'PUBLIC' => 'C:\\Users\\Public'
    'SESSIONNAME' => 'Console'
    'SystemDrive' => 'C:'
    'SystemRoot' => 'C:\\Windows'
    'TEMP' => 'C:\\Users\\RADIOF~2\\AppData\\Local\\Temp'
    'TMP' => 'C:\\Users\\RADIOF~2\\AppData\\Local\\Temp'
    'USERDNSDOMAIN' => 'KGNIC.LAN'
    'USERDOMAIN' => 'KGNIC'
    'USERNAME' => 'radiofisik'
    'USERPROFILE' => 'C:\\Users\\radiofisik'
    'VBOX_INSTALL_PATH' => 'C:\\Program Files\\Oracle\\VirtualBox\\'
    'VCINSTALLDIR' => 'c:\\Program Files (x86)\\Microsoft Visual Studio 10.0\\VC\\'
    'VS100COMNTOOLS' => 'c:\\Program Files (x86)\\Microsoft Visual Studio 10.0\\Common7\\Tools\\'
    'VSINSTALLDIR' => 'c:\\Program Files (x86)\\Microsoft Visual Studio 10.0\\'
    'windir' => 'C:\\Windows'
    'WindowsSdkDir' => 'C:\\Program Files (x86)\\Microsoft SDKs\\Windows\\v7.0A\\'
    'windows_tracing_flags' => '3'
    'windows_tracing_logfile' => 'C:\\BVTBin\\Tests\\installpackage\\csilogfile.log'
    'YII_PATH' => 'C:\\Users\\radiofisik\\Desktop\\kgnictasks\\root\\'
    'PHP_SELF' => 'C:\\Users\\radiofisik\\Desktop\\kgnictasks\\root\\yii'
    'SCRIPT_NAME' => 'C:\\Users\\radiofisik\\Desktop\\kgnictasks\\root\\yii'
    'SCRIPT_FILENAME' => 'C:\\Users\\radiofisik\\Desktop\\kgnictasks\\root\\yii'
    'PATH_TRANSLATED' => 'C:\\Users\\radiofisik\\Desktop\\kgnictasks\\root\\yii'
    'DOCUMENT_ROOT' => ''
    'REQUEST_TIME_FLOAT' => 1429528856.885
    'REQUEST_TIME' => 1429528856
    'argv' => [
        0 => 'C:\\Users\\radiofisik\\Desktop\\kgnictasks\\root\\yii'
        1 => 'migrate'
    ]
    'argc' => 2
]
2015-04-20 11:28:25 [-][-][-][error][yii\db\Exception] exception 'PDOException' with message 'could not find driver' in C:\Users\radiofisik\Desktop\kgnictasks\root\vendor\yiisoft\yii2\db\Connection.php:579
Stack trace:
#0 C:\Users\radiofisik\Desktop\kgnictasks\root\vendor\yiisoft\yii2\db\Connection.php(579): PDO->__construct('mysql:host=loca...', 'root', 'usbw', NULL)
#1 C:\Users\radiofisik\Desktop\kgnictasks\root\vendor\yiisoft\yii2\db\Connection.php(529): yii\db\Connection->createPdoInstance()
#2 C:\Users\radiofisik\Desktop\kgnictasks\root\vendor\yiisoft\yii2\db\Connection.php(836): yii\db\Connection->open()
#3 C:\Users\radiofisik\Desktop\kgnictasks\root\vendor\yiisoft\yii2\db\Connection.php(823): yii\db\Connection->getMasterPdo()
#4 C:\Users\radiofisik\Desktop\kgnictasks\root\vendor\yiisoft\yii2\db\Command.php(208): yii\db\Connection->getSlavePdo()
#5 C:\Users\radiofisik\Desktop\kgnictasks\root\vendor\yiisoft\yii2\db\Command.php(816): yii\db\Command->prepare(true)
#6 C:\Users\radiofisik\Desktop\kgnictasks\root\vendor\yiisoft\yii2\db\Command.php(350): yii\db\Command->queryInternal('fetchAll', NULL)
#7 C:\Users\radiofisik\Desktop\kgnictasks\root\vendor\yiisoft\yii2\db\mysql\Schema.php(198): yii\db\Command->queryAll()
#8 C:\Users\radiofisik\Desktop\kgnictasks\root\vendor\yiisoft\yii2\db\mysql\Schema.php(97): yii\db\mysql\Schema->findColumns(Object(yii\db\TableSchema))
#9 C:\Users\radiofisik\Desktop\kgnictasks\root\vendor\yiisoft\yii2\db\Schema.php(140): yii\db\mysql\Schema->loadTableSchema('migration')
#10 C:\Users\radiofisik\Desktop\kgnictasks\root\vendor\yiisoft\yii2\console\controllers\MigrateController.php(121): yii\db\Schema->getTableSchema('{{%migration}}', true)
#11 C:\Users\radiofisik\Desktop\kgnictasks\root\vendor\yiisoft\yii2\console\controllers\BaseMigrateController.php(610): yii\console\controllers\MigrateController->getMigrationHistory(NULL)
#12 C:\Users\radiofisik\Desktop\kgnictasks\root\vendor\yiisoft\yii2\console\controllers\BaseMigrateController.php(102): yii\console\controllers\BaseMigrateController->getNewMigrations()
#13 [internal function]: yii\console\controllers\BaseMigrateController->actionUp(0)
#14 C:\Users\radiofisik\Desktop\kgnictasks\root\vendor\yiisoft\yii2\base\InlineAction.php(55): call_user_func_array(Array, Array)
#15 C:\Users\radiofisik\Desktop\kgnictasks\root\vendor\yiisoft\yii2\base\Controller.php(151): yii\base\InlineAction->runWithParams(Array)
#16 C:\Users\radiofisik\Desktop\kgnictasks\root\vendor\yiisoft\yii2\console\Controller.php(91): yii\base\Controller->runAction('', Array)
#17 C:\Users\radiofisik\Desktop\kgnictasks\root\vendor\yiisoft\yii2\base\Module.php(455): yii\console\Controller->runAction('', Array)
#18 C:\Users\radiofisik\Desktop\kgnictasks\root\vendor\yiisoft\yii2\console\Application.php(161): yii\base\Module->runAction('migrate', Array)
#19 C:\Users\radiofisik\Desktop\kgnictasks\root\vendor\yiisoft\yii2\console\Application.php(137): yii\console\Application->runAction('migrate', Array)
#20 C:\Users\radiofisik\Desktop\kgnictasks\root\vendor\yiisoft\yii2\base\Application.php(375): yii\console\Application->handleRequest(Object(yii\console\Request))
#21 C:\Users\radiofisik\Desktop\kgnictasks\root\yii(31): yii\base\Application->run()
#22 {main}

Next exception 'yii\db\Exception' with message 'could not find driver' in C:\Users\radiofisik\Desktop\kgnictasks\root\vendor\yiisoft\yii2\db\Connection.php:534
Stack trace:
#0 C:\Users\radiofisik\Desktop\kgnictasks\root\vendor\yiisoft\yii2\db\Connection.php(836): yii\db\Connection->open()
#1 C:\Users\radiofisik\Desktop\kgnictasks\root\vendor\yiisoft\yii2\db\Connection.php(823): yii\db\Connection->getMasterPdo()
#2 C:\Users\radiofisik\Desktop\kgnictasks\root\vendor\yiisoft\yii2\db\Command.php(208): yii\db\Connection->getSlavePdo()
#3 C:\Users\radiofisik\Desktop\kgnictasks\root\vendor\yiisoft\yii2\db\Command.php(816): yii\db\Command->prepare(true)
#4 C:\Users\radiofisik\Desktop\kgnictasks\root\vendor\yiisoft\yii2\db\Command.php(350): yii\db\Command->queryInternal('fetchAll', NULL)
#5 C:\Users\radiofisik\Desktop\kgnictasks\root\vendor\yiisoft\yii2\db\mysql\Schema.php(198): yii\db\Command->queryAll()
#6 C:\Users\radiofisik\Desktop\kgnictasks\root\vendor\yiisoft\yii2\db\mysql\Schema.php(97): yii\db\mysql\Schema->findColumns(Object(yii\db\TableSchema))
#7 C:\Users\radiofisik\Desktop\kgnictasks\root\vendor\yiisoft\yii2\db\Schema.php(140): yii\db\mysql\Schema->loadTableSchema('migration')
#8 C:\Users\radiofisik\Desktop\kgnictasks\root\vendor\yiisoft\yii2\console\controllers\MigrateController.php(121): yii\db\Schema->getTableSchema('{{%migration}}', true)
#9 C:\Users\radiofisik\Desktop\kgnictasks\root\vendor\yiisoft\yii2\console\controllers\BaseMigrateController.php(610): yii\console\controllers\MigrateController->getMigrationHistory(NULL)
#10 C:\Users\radiofisik\Desktop\kgnictasks\root\vendor\yiisoft\yii2\console\controllers\BaseMigrateController.php(102): yii\console\controllers\BaseMigrateController->getNewMigrations()
#11 [internal function]: yii\console\controllers\BaseMigrateController->actionUp(0)
#12 C:\Users\radiofisik\Desktop\kgnictasks\root\vendor\yiisoft\yii2\base\InlineAction.php(55): call_user_func_array(Array, Array)
#13 C:\Users\radiofisik\Desktop\kgnictasks\root\vendor\yiisoft\yii2\base\Controller.php(151): yii\base\InlineAction->runWithParams(Array)
#14 C:\Users\radiofisik\Desktop\kgnictasks\root\vendor\yiisoft\yii2\console\Controller.php(91): yii\base\Controller->runAction('', Array)
#15 C:\Users\radiofisik\Desktop\kgnictasks\root\vendor\yiisoft\yii2\base\Module.php(455): yii\console\Controller->runAction('', Array)
#16 C:\Users\radiofisik\Desktop\kgnictasks\root\vendor\yiisoft\yii2\console\Application.php(161): yii\base\Module->runAction('migrate', Array)
#17 C:\Users\radiofisik\Desktop\kgnictasks\root\vendor\yiisoft\yii2\console\Application.php(137): yii\console\Application->runAction('migrate', Array)
#18 C:\Users\radiofisik\Desktop\kgnictasks\root\vendor\yiisoft\yii2\base\Application.php(375): yii\console\Application->handleRequest(Object(yii\console\Request))
#19 C:\Users\radiofisik\Desktop\kgnictasks\root\yii(31): yii\base\Application->run()
#20 {main}
Additional Information:

2015-04-20 11:28:25 [-][-][-][info][application] $_SERVER = [
    'ALLUSERSPROFILE' => 'C:\\ProgramData'
    'AMDAPPSDKROOT' => 'C:\\Program Files (x86)\\AMD APP\\'
    'APPDATA' => 'C:\\Users\\radiofisik\\AppData\\Roaming'
    'CommonProgramFiles' => 'C:\\Program Files (x86)\\Common Files'
    'CommonProgramFiles(x86)' => 'C:\\Program Files (x86)\\Common Files'
    'CommonProgramW6432' => 'C:\\Program Files\\Common Files'
    'COMPUTERNAME' => 'UEC3901'
    'ComSpec' => 'C:\\Windows\\system32\\cmd.exe'
    'DevEnvDir' => 'c:\\Program Files (x86)\\Microsoft Visual Studio 10.0\\Common7\\IDE\\'
    'FP_NO_HOST_CHECK' => 'NO'
    'Framework35Version' => 'v3.5'
    'FrameworkDir' => 'c:\\Windows\\Microsoft.NET\\Framework\\'
    'FrameworkDIR32' => 'c:\\Windows\\Microsoft.NET\\Framework\\'
    'FrameworkVersion' => 'v4.0.30319'
    'FrameworkVersion32' => 'v4.0.30319'
    'HOMEDRIVE' => 'C:'
    'HOMEPATH' => '\\Users\\radiofisik'
    'INCLUDE' => 'c:\\Program Files (x86)\\Microsoft Visual Studio 10.0\\VC\\INCLUDE;c:\\Program Files (x86)\\Microsoft Visual Studio 10.0\\VC\\ATLMFC\\INCLUDE;C:\\Program Files (x86)\\Microsoft SDKs\\Windows\\v7.0A\\include;'
    'JAVA_HOME' => 'C:\\Program Files\\Java\\jdk1.7.0_10'
    'LIB' => 'c:\\Program Files (x86)\\Microsoft Visual Studio 10.0\\VC\\LIB;c:\\Program Files (x86)\\Microsoft Visual Studio 10.0\\VC\\ATLMFC\\LIB;C:\\Program Files (x86)\\Microsoft SDKs\\Windows\\v7.0A\\lib;'
    'LIBPATH' => 'c:\\Windows\\Microsoft.NET\\Framework\\v4.0.30319;c:\\Windows\\Microsoft.NET\\Framework\\v3.5;c:\\Program Files (x86)\\Microsoft Visual Studio 10.0\\VC\\LIB;c:\\Program Files (x86)\\Microsoft Visual Studio 10.0\\VC\\ATLMFC\\LIB;'
    'LOCALAPPDATA' => 'C:\\Users\\radiofisik\\AppData\\Local'
    'LOGONSERVER' => '\\\\ZENTYAL'
    'MIBDIRS' => 'C:\\php\\extras\\mibs'
    'NUMBER_OF_PROCESSORS' => '4'
    'OS' => 'Windows_NT'
    'Path' => 'c:\\Program Files (x86)\\Microsoft Visual Studio 10.0\\VSTSDB\\Deploy;c:\\Program Files (x86)\\Microsoft Visual Studio 10.0\\Common7\\IDE\\;c:\\Program Files (x86)\\Microsoft Visual Studio 10.0\\VC\\BIN;c:\\Program Files (x86)\\Microsoft Visual Studio 10.0\\Common7\\Tools;c:\\Windows\\Microsoft.NET\\Framework\\v4.0.30319;c:\\Windows\\Microsoft.NET\\Framework\\v3.5;c:\\Program Files (x86)\\Microsoft Visual Studio 10.0\\VC\\VCPackages;C:\\Program Files (x86)\\HTML Help Workshop;c:\\Program Files (x86)\\Microsoft Visual Studio 10.0\\Team Tools\\Performance Tools;C:\\Program Files (x86)\\Microsoft SDKs\\Windows\\v7.0A\\bin\\NETFX 4.0 Tools;C:\\Program Files (x86)\\Microsoft SDKs\\Windows\\v7.0A\\bin;C:\\ProgramData\\Oracle\\Java\\javapath;C:\\php\\;C:\\app\\atolkov\\product\\11.2.0\\client_1;C:\\app\\atolkov\\product\\11.2.0\\client_1\\bin;C:\\app\\NDubrovskiy\\product\\11.2.0\\client_1\\bin;C:\\Windows\\system32;C:\\Windows;C:\\Windows\\System32\\Wbem;C:\\Windows\\System32\\WindowsPowerShell\\v1.0\\;C:\\Windows\\System32\\Windows System Resource Manager\\bin;C:\\Windows\\idmu\\common;C:\\net-snmp\\bin;D:\\JAVA\\apache-maven-3.2.1\\bin;D:\\JAVA\\gradle-2.0\\bin;C:\\Program Files (x86)\\Java\\jdk1.8.0_05\\bin;C:\\Program Files\\Aladdin\\eToken\\PKIClient\\x32;C:\\Program Files\\Aladdin\\eToken\\PKIClient\\x64;C:\\Program Files (x86)\\Skype\\Phone\\;C:\\ProgramData\\ComposerSetup\\bin;C:\\Program Files (x86)\\Jar2Exe Wizard\\'
    'PATHEXT' => '.COM;.EXE;.BAT;.CMD;.VBS;.VBE;.JS;.JSE;.WSF;.WSH;.MSC'
    'PHPRC' => 'C:\\php\\'
    'PHP_COMMAND' => 'php.exe'
    'PROCESSOR_ARCHITECTURE' => 'x86'
    'PROCESSOR_ARCHITEW6432' => 'AMD64'
    'PROCESSOR_IDENTIFIER' => 'Intel64 Family 6 Model 58 Stepping 9, GenuineIntel'
    'PROCESSOR_LEVEL' => '6'
    'PROCESSOR_REVISION' => '3a09'
    'ProgramData' => 'C:\\ProgramData'
    'ProgramFiles' => 'C:\\Program Files (x86)'
    'ProgramFiles(x86)' => 'C:\\Program Files (x86)'
    'ProgramW6432' => 'C:\\Program Files'
    'PROMPT' => '$P$G'
    'PSModulePath' => 'C:\\Windows\\system32\\WindowsPowerShell\\v1.0\\Modules\\'
    'PUBLIC' => 'C:\\Users\\Public'
    'SESSIONNAME' => 'Console'
    'SystemDrive' => 'C:'
    'SystemRoot' => 'C:\\Windows'
    'TEMP' => 'C:\\Users\\RADIOF~2\\AppData\\Local\\Temp'
    'TMP' => 'C:\\Users\\RADIOF~2\\AppData\\Local\\Temp'
    'USERDNSDOMAIN' => 'KGNIC.LAN'
    'USERDOMAIN' => 'KGNIC'
    'USERNAME' => 'radiofisik'
    'USERPROFILE' => 'C:\\Users\\radiofisik'
    'VBOX_INSTALL_PATH' => 'C:\\Program Files\\Oracle\\VirtualBox\\'
    'VCINSTALLDIR' => 'c:\\Program Files (x86)\\Microsoft Visual Studio 10.0\\VC\\'
    'VS100COMNTOOLS' => 'c:\\Program Files (x86)\\Microsoft Visual Studio 10.0\\Common7\\Tools\\'
    'VSINSTALLDIR' => 'c:\\Program Files (x86)\\Microsoft Visual Studio 10.0\\'
    'windir' => 'C:\\Windows'
    'WindowsSdkDir' => 'C:\\Program Files (x86)\\Microsoft SDKs\\Windows\\v7.0A\\'
    'windows_tracing_flags' => '3'
    'windows_tracing_logfile' => 'C:\\BVTBin\\Tests\\installpackage\\csilogfile.log'
    'YII_PATH' => 'C:\\Users\\radiofisik\\Desktop\\kgnictasks\\root\\'
    'PHP_SELF' => 'C:\\Users\\radiofisik\\Desktop\\kgnictasks\\root\\yii'
    'SCRIPT_NAME' => 'C:\\Users\\radiofisik\\Desktop\\kgnictasks\\root\\yii'
    'SCRIPT_FILENAME' => 'C:\\Users\\radiofisik\\Desktop\\kgnictasks\\root\\yii'
    'PATH_TRANSLATED' => 'C:\\Users\\radiofisik\\Desktop\\kgnictasks\\root\\yii'
    'DOCUMENT_ROOT' => ''
    'REQUEST_TIME_FLOAT' => 1429529305.2109
    'REQUEST_TIME' => 1429529305
    'argv' => [
        0 => 'C:\\Users\\radiofisik\\Desktop\\kgnictasks\\root\\yii'
        1 => 'migrate'
    ]
    'argc' => 2
]
2015-04-20 11:58:45 [-][-][-][error][yii\db\Exception] exception 'PDOException' with message 'could not find driver' in C:\Users\radiofisik\Desktop\kgnictasks\root\vendor\yiisoft\yii2\db\Connection.php:579
Stack trace:
#0 C:\Users\radiofisik\Desktop\kgnictasks\root\vendor\yiisoft\yii2\db\Connection.php(579): PDO->__construct('mysql:host=loca...', 'root', 'usbw', NULL)
#1 C:\Users\radiofisik\Desktop\kgnictasks\root\vendor\yiisoft\yii2\db\Connection.php(529): yii\db\Connection->createPdoInstance()
#2 C:\Users\radiofisik\Desktop\kgnictasks\root\vendor\yiisoft\yii2\db\Connection.php(836): yii\db\Connection->open()
#3 C:\Users\radiofisik\Desktop\kgnictasks\root\vendor\yiisoft\yii2\db\Connection.php(823): yii\db\Connection->getMasterPdo()
#4 C:\Users\radiofisik\Desktop\kgnictasks\root\vendor\yiisoft\yii2\db\Command.php(208): yii\db\Connection->getSlavePdo()
#5 C:\Users\radiofisik\Desktop\kgnictasks\root\vendor\yiisoft\yii2\db\Command.php(816): yii\db\Command->prepare(true)
#6 C:\Users\radiofisik\Desktop\kgnictasks\root\vendor\yiisoft\yii2\db\Command.php(350): yii\db\Command->queryInternal('fetchAll', NULL)
#7 C:\Users\radiofisik\Desktop\kgnictasks\root\vendor\yiisoft\yii2\db\mysql\Schema.php(198): yii\db\Command->queryAll()
#8 C:\Users\radiofisik\Desktop\kgnictasks\root\vendor\yiisoft\yii2\db\mysql\Schema.php(97): yii\db\mysql\Schema->findColumns(Object(yii\db\TableSchema))
#9 C:\Users\radiofisik\Desktop\kgnictasks\root\vendor\yiisoft\yii2\db\Schema.php(140): yii\db\mysql\Schema->loadTableSchema('migration')
#10 C:\Users\radiofisik\Desktop\kgnictasks\root\vendor\yiisoft\yii2\console\controllers\MigrateController.php(121): yii\db\Schema->getTableSchema('{{%migration}}', true)
#11 C:\Users\radiofisik\Desktop\kgnictasks\root\vendor\yiisoft\yii2\console\controllers\BaseMigrateController.php(610): yii\console\controllers\MigrateController->getMigrationHistory(NULL)
#12 C:\Users\radiofisik\Desktop\kgnictasks\root\vendor\yiisoft\yii2\console\controllers\BaseMigrateController.php(102): yii\console\controllers\BaseMigrateController->getNewMigrations()
#13 [internal function]: yii\console\controllers\BaseMigrateController->actionUp(0)
#14 C:\Users\radiofisik\Desktop\kgnictasks\root\vendor\yiisoft\yii2\base\InlineAction.php(55): call_user_func_array(Array, Array)
#15 C:\Users\radiofisik\Desktop\kgnictasks\root\vendor\yiisoft\yii2\base\Controller.php(151): yii\base\InlineAction->runWithParams(Array)
#16 C:\Users\radiofisik\Desktop\kgnictasks\root\vendor\yiisoft\yii2\console\Controller.php(91): yii\base\Controller->runAction('', Array)
#17 C:\Users\radiofisik\Desktop\kgnictasks\root\vendor\yiisoft\yii2\base\Module.php(455): yii\console\Controller->runAction('', Array)
#18 C:\Users\radiofisik\Desktop\kgnictasks\root\vendor\yiisoft\yii2\console\Application.php(161): yii\base\Module->runAction('migrate', Array)
#19 C:\Users\radiofisik\Desktop\kgnictasks\root\vendor\yiisoft\yii2\console\Application.php(137): yii\console\Application->runAction('migrate', Array)
#20 C:\Users\radiofisik\Desktop\kgnictasks\root\vendor\yiisoft\yii2\base\Application.php(375): yii\console\Application->handleRequest(Object(yii\console\Request))
#21 C:\Users\radiofisik\Desktop\kgnictasks\root\yii(31): yii\base\Application->run()
#22 {main}

Next exception 'yii\db\Exception' with message 'could not find driver' in C:\Users\radiofisik\Desktop\kgnictasks\root\vendor\yiisoft\yii2\db\Connection.php:534
Stack trace:
#0 C:\Users\radiofisik\Desktop\kgnictasks\root\vendor\yiisoft\yii2\db\Connection.php(836): yii\db\Connection->open()
#1 C:\Users\radiofisik\Desktop\kgnictasks\root\vendor\yiisoft\yii2\db\Connection.php(823): yii\db\Connection->getMasterPdo()
#2 C:\Users\radiofisik\Desktop\kgnictasks\root\vendor\yiisoft\yii2\db\Command.php(208): yii\db\Connection->getSlavePdo()
#3 C:\Users\radiofisik\Desktop\kgnictasks\root\vendor\yiisoft\yii2\db\Command.php(816): yii\db\Command->prepare(true)
#4 C:\Users\radiofisik\Desktop\kgnictasks\root\vendor\yiisoft\yii2\db\Command.php(350): yii\db\Command->queryInternal('fetchAll', NULL)
#5 C:\Users\radiofisik\Desktop\kgnictasks\root\vendor\yiisoft\yii2\db\mysql\Schema.php(198): yii\db\Command->queryAll()
#6 C:\Users\radiofisik\Desktop\kgnictasks\root\vendor\yiisoft\yii2\db\mysql\Schema.php(97): yii\db\mysql\Schema->findColumns(Object(yii\db\TableSchema))
#7 C:\Users\radiofisik\Desktop\kgnictasks\root\vendor\yiisoft\yii2\db\Schema.php(140): yii\db\mysql\Schema->loadTableSchema('migration')
#8 C:\Users\radiofisik\Desktop\kgnictasks\root\vendor\yiisoft\yii2\console\controllers\MigrateController.php(121): yii\db\Schema->getTableSchema('{{%migration}}', true)
#9 C:\Users\radiofisik\Desktop\kgnictasks\root\vendor\yiisoft\yii2\console\controllers\BaseMigrateController.php(610): yii\console\controllers\MigrateController->getMigrationHistory(NULL)
#10 C:\Users\radiofisik\Desktop\kgnictasks\root\vendor\yiisoft\yii2\console\controllers\BaseMigrateController.php(102): yii\console\controllers\BaseMigrateController->getNewMigrations()
#11 [internal function]: yii\console\controllers\BaseMigrateController->actionUp(0)
#12 C:\Users\radiofisik\Desktop\kgnictasks\root\vendor\yiisoft\yii2\base\InlineAction.php(55): call_user_func_array(Array, Array)
#13 C:\Users\radiofisik\Desktop\kgnictasks\root\vendor\yiisoft\yii2\base\Controller.php(151): yii\base\InlineAction->runWithParams(Array)
#14 C:\Users\radiofisik\Desktop\kgnictasks\root\vendor\yiisoft\yii2\console\Controller.php(91): yii\base\Controller->runAction('', Array)
#15 C:\Users\radiofisik\Desktop\kgnictasks\root\vendor\yiisoft\yii2\base\Module.php(455): yii\console\Controller->runAction('', Array)
#16 C:\Users\radiofisik\Desktop\kgnictasks\root\vendor\yiisoft\yii2\console\Application.php(161): yii\base\Module->runAction('migrate', Array)
#17 C:\Users\radiofisik\Desktop\kgnictasks\root\vendor\yiisoft\yii2\console\Application.php(137): yii\console\Application->runAction('migrate', Array)
#18 C:\Users\radiofisik\Desktop\kgnictasks\root\vendor\yiisoft\yii2\base\Application.php(375): yii\console\Application->handleRequest(Object(yii\console\Request))
#19 C:\Users\radiofisik\Desktop\kgnictasks\root\yii(31): yii\base\Application->run()
#20 {main}
Additional Information:

2015-04-20 11:58:44 [-][-][-][info][application] $_SERVER = [
    'ALLUSERSPROFILE' => 'C:\\ProgramData'
    'AMDAPPSDKROOT' => 'C:\\Program Files (x86)\\AMD APP\\'
    'APPDATA' => 'C:\\Users\\radiofisik\\AppData\\Roaming'
    'CommonProgramFiles' => 'C:\\Program Files (x86)\\Common Files'
    'CommonProgramFiles(x86)' => 'C:\\Program Files (x86)\\Common Files'
    'CommonProgramW6432' => 'C:\\Program Files\\Common Files'
    'COMPUTERNAME' => 'UEC3901'
    'ComSpec' => 'C:\\Windows\\system32\\cmd.exe'
    'FP_NO_HOST_CHECK' => 'NO'
    'HOMEDRIVE' => 'C:'
    'HOMEPATH' => '\\Users\\radiofisik'
    'JAVA_HOME' => 'C:\\Program Files\\Java\\jdk1.7.0_10'
    'LOCALAPPDATA' => 'C:\\Users\\radiofisik\\AppData\\Local'
    'LOGONSERVER' => '\\\\ZENTYAL'
    'MIBDIRS' => 'C:\\php\\extras\\mibs'
    'NUMBER_OF_PROCESSORS' => '4'
    'OS' => 'Windows_NT'
    'Path' => 'C:\\ProgramData\\Oracle\\Java\\javapath;C:\\php\\;C:\\app\\atolkov\\product\\11.2.0\\client_1;C:\\app\\atolkov\\product\\11.2.0\\client_1\\bin;C:\\app\\NDubrovskiy\\product\\11.2.0\\client_1\\bin;C:\\Windows\\system32;C:\\Windows;C:\\Windows\\System32\\Wbem;C:\\Windows\\System32\\WindowsPowerShell\\v1.0\\;C:\\Windows\\System32\\Windows System Resource Manager\\bin;C:\\Windows\\idmu\\common;C:\\net-snmp\\bin;D:\\JAVA\\apache-maven-3.2.1\\bin;D:\\JAVA\\gradle-2.0\\bin;C:\\Program Files (x86)\\Java\\jdk1.8.0_05\\bin;C:\\Program Files\\Aladdin\\eToken\\PKIClient\\x32;C:\\Program Files\\Aladdin\\eToken\\PKIClient\\x64;C:\\Program Files (x86)\\Skype\\Phone\\;C:\\ProgramData\\ComposerSetup\\bin;C:\\Program Files (x86)\\Jar2Exe Wizard\\'
    'PATHEXT' => '.COM;.EXE;.BAT;.CMD;.VBS;.VBE;.JS;.JSE;.WSF;.WSH;.MSC'
    'PHPRC' => 'C:\\php\\'
    'PHP_COMMAND' => 'php.exe'
    'PROCESSOR_ARCHITECTURE' => 'x86'
    'PROCESSOR_ARCHITEW6432' => 'AMD64'
    'PROCESSOR_IDENTIFIER' => 'Intel64 Family 6 Model 58 Stepping 9, GenuineIntel'
    'PROCESSOR_LEVEL' => '6'
    'PROCESSOR_REVISION' => '3a09'
    'ProgramData' => 'C:\\ProgramData'
    'ProgramFiles' => 'C:\\Program Files (x86)'
    'ProgramFiles(x86)' => 'C:\\Program Files (x86)'
    'ProgramW6432' => 'C:\\Program Files'
    'PROMPT' => '$P$G'
    'PSModulePath' => 'C:\\Windows\\system32\\WindowsPowerShell\\v1.0\\Modules\\'
    'PUBLIC' => 'C:\\Users\\Public'
    'SESSIONNAME' => 'Console'
    'SystemDrive' => 'C:'
    'SystemRoot' => 'C:\\Windows'
    'TEMP' => 'C:\\Users\\RADIOF~2\\AppData\\Local\\Temp'
    'TMP' => 'C:\\Users\\RADIOF~2\\AppData\\Local\\Temp'
    'USERDNSDOMAIN' => 'KGNIC.LAN'
    'USERDOMAIN' => 'KGNIC'
    'USERNAME' => 'radiofisik'
    'USERPROFILE' => 'C:\\Users\\radiofisik'
    'VBOX_INSTALL_PATH' => 'C:\\Program Files\\Oracle\\VirtualBox\\'
    'VS100COMNTOOLS' => 'c:\\Program Files (x86)\\Microsoft Visual Studio 10.0\\Common7\\Tools\\'
    'windir' => 'C:\\Windows'
    'windows_tracing_flags' => '3'
    'windows_tracing_logfile' => 'C:\\BVTBin\\Tests\\installpackage\\csilogfile.log'
    'YII_PATH' => 'C:\\Users\\radiofisik\\Desktop\\kgnictasks\\root\\'
    'PHP_SELF' => 'C:\\Users\\radiofisik\\Desktop\\kgnictasks\\root\\yii'
    'SCRIPT_NAME' => 'C:\\Users\\radiofisik\\Desktop\\kgnictasks\\root\\yii'
    'SCRIPT_FILENAME' => 'C:\\Users\\radiofisik\\Desktop\\kgnictasks\\root\\yii'
    'PATH_TRANSLATED' => 'C:\\Users\\radiofisik\\Desktop\\kgnictasks\\root\\yii'
    'DOCUMENT_ROOT' => ''
    'REQUEST_TIME_FLOAT' => 1429531124.6328
    'REQUEST_TIME' => 1429531124
    'argv' => [
        0 => 'C:\\Users\\radiofisik\\Desktop\\kgnictasks\\root\\yii'
        1 => 'migrate'
    ]
    'argc' => 2
]
2015-04-20 12:00:05 [-][-][-][error][yii\db\Exception] exception 'PDOException' with message 'could not find driver' in C:\Users\radiofisik\Desktop\kgnictasks\root\vendor\yiisoft\yii2\db\Connection.php:579
Stack trace:
#0 C:\Users\radiofisik\Desktop\kgnictasks\root\vendor\yiisoft\yii2\db\Connection.php(579): PDO->__construct('mysql:host=loca...', 'root', 'usbw', NULL)
#1 C:\Users\radiofisik\Desktop\kgnictasks\root\vendor\yiisoft\yii2\db\Connection.php(529): yii\db\Connection->createPdoInstance()
#2 C:\Users\radiofisik\Desktop\kgnictasks\root\vendor\yiisoft\yii2\db\Connection.php(836): yii\db\Connection->open()
#3 C:\Users\radiofisik\Desktop\kgnictasks\root\vendor\yiisoft\yii2\db\Connection.php(823): yii\db\Connection->getMasterPdo()
#4 C:\Users\radiofisik\Desktop\kgnictasks\root\vendor\yiisoft\yii2\db\Command.php(208): yii\db\Connection->getSlavePdo()
#5 C:\Users\radiofisik\Desktop\kgnictasks\root\vendor\yiisoft\yii2\db\Command.php(816): yii\db\Command->prepare(true)
#6 C:\Users\radiofisik\Desktop\kgnictasks\root\vendor\yiisoft\yii2\db\Command.php(350): yii\db\Command->queryInternal('fetchAll', NULL)
#7 C:\Users\radiofisik\Desktop\kgnictasks\root\vendor\yiisoft\yii2\db\mysql\Schema.php(198): yii\db\Command->queryAll()
#8 C:\Users\radiofisik\Desktop\kgnictasks\root\vendor\yiisoft\yii2\db\mysql\Schema.php(97): yii\db\mysql\Schema->findColumns(Object(yii\db\TableSchema))
#9 C:\Users\radiofisik\Desktop\kgnictasks\root\vendor\yiisoft\yii2\db\Schema.php(140): yii\db\mysql\Schema->loadTableSchema('migration')
#10 C:\Users\radiofisik\Desktop\kgnictasks\root\vendor\yiisoft\yii2\console\controllers\MigrateController.php(121): yii\db\Schema->getTableSchema('{{%migration}}', true)
#11 C:\Users\radiofisik\Desktop\kgnictasks\root\vendor\yiisoft\yii2\console\controllers\BaseMigrateController.php(610): yii\console\controllers\MigrateController->getMigrationHistory(NULL)
#12 C:\Users\radiofisik\Desktop\kgnictasks\root\vendor\yiisoft\yii2\console\controllers\BaseMigrateController.php(102): yii\console\controllers\BaseMigrateController->getNewMigrations()
#13 [internal function]: yii\console\controllers\BaseMigrateController->actionUp(0)
#14 C:\Users\radiofisik\Desktop\kgnictasks\root\vendor\yiisoft\yii2\base\InlineAction.php(55): call_user_func_array(Array, Array)
#15 C:\Users\radiofisik\Desktop\kgnictasks\root\vendor\yiisoft\yii2\base\Controller.php(151): yii\base\InlineAction->runWithParams(Array)
#16 C:\Users\radiofisik\Desktop\kgnictasks\root\vendor\yiisoft\yii2\console\Controller.php(91): yii\base\Controller->runAction('', Array)
#17 C:\Users\radiofisik\Desktop\kgnictasks\root\vendor\yiisoft\yii2\base\Module.php(455): yii\console\Controller->runAction('', Array)
#18 C:\Users\radiofisik\Desktop\kgnictasks\root\vendor\yiisoft\yii2\console\Application.php(161): yii\base\Module->runAction('migrate', Array)
#19 C:\Users\radiofisik\Desktop\kgnictasks\root\vendor\yiisoft\yii2\console\Application.php(137): yii\console\Application->runAction('migrate', Array)
#20 C:\Users\radiofisik\Desktop\kgnictasks\root\vendor\yiisoft\yii2\base\Application.php(375): yii\console\Application->handleRequest(Object(yii\console\Request))
#21 C:\Users\radiofisik\Desktop\kgnictasks\root\yii(31): yii\base\Application->run()
#22 {main}

Next exception 'yii\db\Exception' with message 'could not find driver' in C:\Users\radiofisik\Desktop\kgnictasks\root\vendor\yiisoft\yii2\db\Connection.php:534
Stack trace:
#0 C:\Users\radiofisik\Desktop\kgnictasks\root\vendor\yiisoft\yii2\db\Connection.php(836): yii\db\Connection->open()
#1 C:\Users\radiofisik\Desktop\kgnictasks\root\vendor\yiisoft\yii2\db\Connection.php(823): yii\db\Connection->getMasterPdo()
#2 C:\Users\radiofisik\Desktop\kgnictasks\root\vendor\yiisoft\yii2\db\Command.php(208): yii\db\Connection->getSlavePdo()
#3 C:\Users\radiofisik\Desktop\kgnictasks\root\vendor\yiisoft\yii2\db\Command.php(816): yii\db\Command->prepare(true)
#4 C:\Users\radiofisik\Desktop\kgnictasks\root\vendor\yiisoft\yii2\db\Command.php(350): yii\db\Command->queryInternal('fetchAll', NULL)
#5 C:\Users\radiofisik\Desktop\kgnictasks\root\vendor\yiisoft\yii2\db\mysql\Schema.php(198): yii\db\Command->queryAll()
#6 C:\Users\radiofisik\Desktop\kgnictasks\root\vendor\yiisoft\yii2\db\mysql\Schema.php(97): yii\db\mysql\Schema->findColumns(Object(yii\db\TableSchema))
#7 C:\Users\radiofisik\Desktop\kgnictasks\root\vendor\yiisoft\yii2\db\Schema.php(140): yii\db\mysql\Schema->loadTableSchema('migration')
#8 C:\Users\radiofisik\Desktop\kgnictasks\root\vendor\yiisoft\yii2\console\controllers\MigrateController.php(121): yii\db\Schema->getTableSchema('{{%migration}}', true)
#9 C:\Users\radiofisik\Desktop\kgnictasks\root\vendor\yiisoft\yii2\console\controllers\BaseMigrateController.php(610): yii\console\controllers\MigrateController->getMigrationHistory(NULL)
#10 C:\Users\radiofisik\Desktop\kgnictasks\root\vendor\yiisoft\yii2\console\controllers\BaseMigrateController.php(102): yii\console\controllers\BaseMigrateController->getNewMigrations()
#11 [internal function]: yii\console\controllers\BaseMigrateController->actionUp(0)
#12 C:\Users\radiofisik\Desktop\kgnictasks\root\vendor\yiisoft\yii2\base\InlineAction.php(55): call_user_func_array(Array, Array)
#13 C:\Users\radiofisik\Desktop\kgnictasks\root\vendor\yiisoft\yii2\base\Controller.php(151): yii\base\InlineAction->runWithParams(Array)
#14 C:\Users\radiofisik\Desktop\kgnictasks\root\vendor\yiisoft\yii2\console\Controller.php(91): yii\base\Controller->runAction('', Array)
#15 C:\Users\radiofisik\Desktop\kgnictasks\root\vendor\yiisoft\yii2\base\Module.php(455): yii\console\Controller->runAction('', Array)
#16 C:\Users\radiofisik\Desktop\kgnictasks\root\vendor\yiisoft\yii2\console\Application.php(161): yii\base\Module->runAction('migrate', Array)
#17 C:\Users\radiofisik\Desktop\kgnictasks\root\vendor\yiisoft\yii2\console\Application.php(137): yii\console\Application->runAction('migrate', Array)
#18 C:\Users\radiofisik\Desktop\kgnictasks\root\vendor\yiisoft\yii2\base\Application.php(375): yii\console\Application->handleRequest(Object(yii\console\Request))
#19 C:\Users\radiofisik\Desktop\kgnictasks\root\yii(31): yii\base\Application->run()
#20 {main}
Additional Information:

2015-04-20 12:00:05 [-][-][-][info][application] $_SERVER = [
    'ALLUSERSPROFILE' => 'C:\\ProgramData'
    'AMDAPPSDKROOT' => 'C:\\Program Files (x86)\\AMD APP\\'
    'APPDATA' => 'C:\\Users\\radiofisik\\AppData\\Roaming'
    'CommonProgramFiles' => 'C:\\Program Files (x86)\\Common Files'
    'CommonProgramFiles(x86)' => 'C:\\Program Files (x86)\\Common Files'
    'CommonProgramW6432' => 'C:\\Program Files\\Common Files'
    'COMPUTERNAME' => 'UEC3901'
    'ComSpec' => 'C:\\Windows\\system32\\cmd.exe'
    'FP_NO_HOST_CHECK' => 'NO'
    'HOMEDRIVE' => 'C:'
    'HOMEPATH' => '\\Users\\radiofisik'
    'JAVA_HOME' => 'C:\\Program Files\\Java\\jdk1.7.0_10'
    'LOCALAPPDATA' => 'C:\\Users\\radiofisik\\AppData\\Local'
    'LOGONSERVER' => '\\\\ZENTYAL'
    'MIBDIRS' => 'C:\\php\\extras\\mibs'
    'NUMBER_OF_PROCESSORS' => '4'
    'OS' => 'Windows_NT'
    'Path' => 'C:\\ProgramData\\Oracle\\Java\\javapath;C:\\php\\;C:\\app\\atolkov\\product\\11.2.0\\client_1;C:\\app\\atolkov\\product\\11.2.0\\client_1\\bin;C:\\app\\NDubrovskiy\\product\\11.2.0\\client_1\\bin;C:\\Windows\\system32;C:\\Windows;C:\\Windows\\System32\\Wbem;C:\\Windows\\System32\\WindowsPowerShell\\v1.0\\;C:\\Windows\\System32\\Windows System Resource Manager\\bin;C:\\Windows\\idmu\\common;C:\\net-snmp\\bin;D:\\JAVA\\apache-maven-3.2.1\\bin;D:\\JAVA\\gradle-2.0\\bin;C:\\Program Files (x86)\\Java\\jdk1.8.0_05\\bin;C:\\Program Files\\Aladdin\\eToken\\PKIClient\\x32;C:\\Program Files\\Aladdin\\eToken\\PKIClient\\x64;C:\\Program Files (x86)\\Skype\\Phone\\;C:\\ProgramData\\ComposerSetup\\bin;C:\\Program Files (x86)\\Jar2Exe Wizard\\'
    'PATHEXT' => '.COM;.EXE;.BAT;.CMD;.VBS;.VBE;.JS;.JSE;.WSF;.WSH;.MSC'
    'PHPRC' => 'C:\\php\\'
    'PHP_COMMAND' => 'php.exe'
    'PROCESSOR_ARCHITECTURE' => 'x86'
    'PROCESSOR_ARCHITEW6432' => 'AMD64'
    'PROCESSOR_IDENTIFIER' => 'Intel64 Family 6 Model 58 Stepping 9, GenuineIntel'
    'PROCESSOR_LEVEL' => '6'
    'PROCESSOR_REVISION' => '3a09'
    'ProgramData' => 'C:\\ProgramData'
    'ProgramFiles' => 'C:\\Program Files (x86)'
    'ProgramFiles(x86)' => 'C:\\Program Files (x86)'
    'ProgramW6432' => 'C:\\Program Files'
    'PROMPT' => '$P$G'
    'PSModulePath' => 'C:\\Windows\\system32\\WindowsPowerShell\\v1.0\\Modules\\'
    'PUBLIC' => 'C:\\Users\\Public'
    'SESSIONNAME' => 'Console'
    'SystemDrive' => 'C:'
    'SystemRoot' => 'C:\\Windows'
    'TEMP' => 'C:\\Users\\RADIOF~2\\AppData\\Local\\Temp'
    'TMP' => 'C:\\Users\\RADIOF~2\\AppData\\Local\\Temp'
    'USERDNSDOMAIN' => 'KGNIC.LAN'
    'USERDOMAIN' => 'KGNIC'
    'USERNAME' => 'radiofisik'
    'USERPROFILE' => 'C:\\Users\\radiofisik'
    'VBOX_INSTALL_PATH' => 'C:\\Program Files\\Oracle\\VirtualBox\\'
    'VS100COMNTOOLS' => 'c:\\Program Files (x86)\\Microsoft Visual Studio 10.0\\Common7\\Tools\\'
    'windir' => 'C:\\Windows'
    'windows_tracing_flags' => '3'
    'windows_tracing_logfile' => 'C:\\BVTBin\\Tests\\installpackage\\csilogfile.log'
    'YII_PATH' => 'C:\\Users\\radiofisik\\Desktop\\kgnictasks\\root\\'
    'PHP_SELF' => 'C:\\Users\\radiofisik\\Desktop\\kgnictasks\\root\\yii'
    'SCRIPT_NAME' => 'C:\\Users\\radiofisik\\Desktop\\kgnictasks\\root\\yii'
    'SCRIPT_FILENAME' => 'C:\\Users\\radiofisik\\Desktop\\kgnictasks\\root\\yii'
    'PATH_TRANSLATED' => 'C:\\Users\\radiofisik\\Desktop\\kgnictasks\\root\\yii'
    'DOCUMENT_ROOT' => ''
    'REQUEST_TIME_FLOAT' => 1429531205.8499
    'REQUEST_TIME' => 1429531205
    'argv' => [
        0 => 'C:\\Users\\radiofisik\\Desktop\\kgnictasks\\root\\yii'
        1 => 'migrate'
    ]
    'argc' => 2
]
2015-04-20 12:31:22 [-][-][-][error][yii\db\Exception] exception 'PDOException' with message 'could not find driver' in C:\Users\radiofisik\Desktop\kgnictasks\root\vendor\yiisoft\yii2\db\Connection.php:579
Stack trace:
#0 C:\Users\radiofisik\Desktop\kgnictasks\root\vendor\yiisoft\yii2\db\Connection.php(579): PDO->__construct('mysql:host=127....', 'root', 'usbw', NULL)
#1 C:\Users\radiofisik\Desktop\kgnictasks\root\vendor\yiisoft\yii2\db\Connection.php(529): yii\db\Connection->createPdoInstance()
#2 C:\Users\radiofisik\Desktop\kgnictasks\root\vendor\yiisoft\yii2\db\Connection.php(836): yii\db\Connection->open()
#3 C:\Users\radiofisik\Desktop\kgnictasks\root\vendor\yiisoft\yii2\db\Connection.php(823): yii\db\Connection->getMasterPdo()
#4 C:\Users\radiofisik\Desktop\kgnictasks\root\vendor\yiisoft\yii2\db\Command.php(208): yii\db\Connection->getSlavePdo()
#5 C:\Users\radiofisik\Desktop\kgnictasks\root\vendor\yiisoft\yii2\db\Command.php(816): yii\db\Command->prepare(true)
#6 C:\Users\radiofisik\Desktop\kgnictasks\root\vendor\yiisoft\yii2\db\Command.php(350): yii\db\Command->queryInternal('fetchAll', NULL)
#7 C:\Users\radiofisik\Desktop\kgnictasks\root\vendor\yiisoft\yii2\db\mysql\Schema.php(198): yii\db\Command->queryAll()
#8 C:\Users\radiofisik\Desktop\kgnictasks\root\vendor\yiisoft\yii2\db\mysql\Schema.php(97): yii\db\mysql\Schema->findColumns(Object(yii\db\TableSchema))
#9 C:\Users\radiofisik\Desktop\kgnictasks\root\vendor\yiisoft\yii2\db\Schema.php(140): yii\db\mysql\Schema->loadTableSchema('migration')
#10 C:\Users\radiofisik\Desktop\kgnictasks\root\vendor\yiisoft\yii2\console\controllers\MigrateController.php(121): yii\db\Schema->getTableSchema('{{%migration}}', true)
#11 C:\Users\radiofisik\Desktop\kgnictasks\root\vendor\yiisoft\yii2\console\controllers\BaseMigrateController.php(610): yii\console\controllers\MigrateController->getMigrationHistory(NULL)
#12 C:\Users\radiofisik\Desktop\kgnictasks\root\vendor\yiisoft\yii2\console\controllers\BaseMigrateController.php(102): yii\console\controllers\BaseMigrateController->getNewMigrations()
#13 [internal function]: yii\console\controllers\BaseMigrateController->actionUp(0)
#14 C:\Users\radiofisik\Desktop\kgnictasks\root\vendor\yiisoft\yii2\base\InlineAction.php(55): call_user_func_array(Array, Array)
#15 C:\Users\radiofisik\Desktop\kgnictasks\root\vendor\yiisoft\yii2\base\Controller.php(151): yii\base\InlineAction->runWithParams(Array)
#16 C:\Users\radiofisik\Desktop\kgnictasks\root\vendor\yiisoft\yii2\console\Controller.php(91): yii\base\Controller->runAction('', Array)
#17 C:\Users\radiofisik\Desktop\kgnictasks\root\vendor\yiisoft\yii2\base\Module.php(455): yii\console\Controller->runAction('', Array)
#18 C:\Users\radiofisik\Desktop\kgnictasks\root\vendor\yiisoft\yii2\console\Application.php(161): yii\base\Module->runAction('migrate', Array)
#19 C:\Users\radiofisik\Desktop\kgnictasks\root\vendor\yiisoft\yii2\console\Application.php(137): yii\console\Application->runAction('migrate', Array)
#20 C:\Users\radiofisik\Desktop\kgnictasks\root\vendor\yiisoft\yii2\base\Application.php(375): yii\console\Application->handleRequest(Object(yii\console\Request))
#21 C:\Users\radiofisik\Desktop\kgnictasks\root\yii(31): yii\base\Application->run()
#22 {main}

Next exception 'yii\db\Exception' with message 'could not find driver' in C:\Users\radiofisik\Desktop\kgnictasks\root\vendor\yiisoft\yii2\db\Connection.php:534
Stack trace:
#0 C:\Users\radiofisik\Desktop\kgnictasks\root\vendor\yiisoft\yii2\db\Connection.php(836): yii\db\Connection->open()
#1 C:\Users\radiofisik\Desktop\kgnictasks\root\vendor\yiisoft\yii2\db\Connection.php(823): yii\db\Connection->getMasterPdo()
#2 C:\Users\radiofisik\Desktop\kgnictasks\root\vendor\yiisoft\yii2\db\Command.php(208): yii\db\Connection->getSlavePdo()
#3 C:\Users\radiofisik\Desktop\kgnictasks\root\vendor\yiisoft\yii2\db\Command.php(816): yii\db\Command->prepare(true)
#4 C:\Users\radiofisik\Desktop\kgnictasks\root\vendor\yiisoft\yii2\db\Command.php(350): yii\db\Command->queryInternal('fetchAll', NULL)
#5 C:\Users\radiofisik\Desktop\kgnictasks\root\vendor\yiisoft\yii2\db\mysql\Schema.php(198): yii\db\Command->queryAll()
#6 C:\Users\radiofisik\Desktop\kgnictasks\root\vendor\yiisoft\yii2\db\mysql\Schema.php(97): yii\db\mysql\Schema->findColumns(Object(yii\db\TableSchema))
#7 C:\Users\radiofisik\Desktop\kgnictasks\root\vendor\yiisoft\yii2\db\Schema.php(140): yii\db\mysql\Schema->loadTableSchema('migration')
#8 C:\Users\radiofisik\Desktop\kgnictasks\root\vendor\yiisoft\yii2\console\controllers\MigrateController.php(121): yii\db\Schema->getTableSchema('{{%migration}}', true)
#9 C:\Users\radiofisik\Desktop\kgnictasks\root\vendor\yiisoft\yii2\console\controllers\BaseMigrateController.php(610): yii\console\controllers\MigrateController->getMigrationHistory(NULL)
#10 C:\Users\radiofisik\Desktop\kgnictasks\root\vendor\yiisoft\yii2\console\controllers\BaseMigrateController.php(102): yii\console\controllers\BaseMigrateController->getNewMigrations()
#11 [internal function]: yii\console\controllers\BaseMigrateController->actionUp(0)
#12 C:\Users\radiofisik\Desktop\kgnictasks\root\vendor\yiisoft\yii2\base\InlineAction.php(55): call_user_func_array(Array, Array)
#13 C:\Users\radiofisik\Desktop\kgnictasks\root\vendor\yiisoft\yii2\base\Controller.php(151): yii\base\InlineAction->runWithParams(Array)
#14 C:\Users\radiofisik\Desktop\kgnictasks\root\vendor\yiisoft\yii2\console\Controller.php(91): yii\base\Controller->runAction('', Array)
#15 C:\Users\radiofisik\Desktop\kgnictasks\root\vendor\yiisoft\yii2\base\Module.php(455): yii\console\Controller->runAction('', Array)
#16 C:\Users\radiofisik\Desktop\kgnictasks\root\vendor\yiisoft\yii2\console\Application.php(161): yii\base\Module->runAction('migrate', Array)
#17 C:\Users\radiofisik\Desktop\kgnictasks\root\vendor\yiisoft\yii2\console\Application.php(137): yii\console\Application->runAction('migrate', Array)
#18 C:\Users\radiofisik\Desktop\kgnictasks\root\vendor\yiisoft\yii2\base\Application.php(375): yii\console\Application->handleRequest(Object(yii\console\Request))
#19 C:\Users\radiofisik\Desktop\kgnictasks\root\yii(31): yii\base\Application->run()
#20 {main}
Additional Information:

2015-04-20 12:31:22 [-][-][-][info][application] $_SERVER = [
    'ALLUSERSPROFILE' => 'C:\\ProgramData'
    'AMDAPPSDKROOT' => 'C:\\Program Files (x86)\\AMD APP\\'
    'APPDATA' => 'C:\\Users\\radiofisik\\AppData\\Roaming'
    'CommonProgramFiles' => 'C:\\Program Files (x86)\\Common Files'
    'CommonProgramFiles(x86)' => 'C:\\Program Files (x86)\\Common Files'
    'CommonProgramW6432' => 'C:\\Program Files\\Common Files'
    'COMPUTERNAME' => 'UEC3901'
    'ComSpec' => 'C:\\Windows\\system32\\cmd.exe'
    'FP_NO_HOST_CHECK' => 'NO'
    'HOMEDRIVE' => 'C:'
    'HOMEPATH' => '\\Users\\radiofisik'
    'JAVA_HOME' => 'C:\\Program Files\\Java\\jdk1.7.0_10'
    'LOCALAPPDATA' => 'C:\\Users\\radiofisik\\AppData\\Local'
    'LOGONSERVER' => '\\\\ZENTYAL'
    'MIBDIRS' => 'C:\\php\\extras\\mibs'
    'NUMBER_OF_PROCESSORS' => '4'
    'OS' => 'Windows_NT'
    'Path' => 'C:\\ProgramData\\Oracle\\Java\\javapath;C:\\php\\;C:\\app\\atolkov\\product\\11.2.0\\client_1;C:\\app\\atolkov\\product\\11.2.0\\client_1\\bin;C:\\app\\NDubrovskiy\\product\\11.2.0\\client_1\\bin;C:\\Windows\\system32;C:\\Windows;C:\\Windows\\System32\\Wbem;C:\\Windows\\System32\\WindowsPowerShell\\v1.0\\;C:\\Windows\\System32\\Windows System Resource Manager\\bin;C:\\Windows\\idmu\\common;C:\\net-snmp\\bin;D:\\JAVA\\apache-maven-3.2.1\\bin;D:\\JAVA\\gradle-2.0\\bin;C:\\Program Files (x86)\\Java\\jdk1.8.0_05\\bin;C:\\Program Files\\Aladdin\\eToken\\PKIClient\\x32;C:\\Program Files\\Aladdin\\eToken\\PKIClient\\x64;C:\\Program Files (x86)\\Skype\\Phone\\;C:\\ProgramData\\ComposerSetup\\bin;C:\\Program Files (x86)\\Jar2Exe Wizard\\'
    'PATHEXT' => '.COM;.EXE;.BAT;.CMD;.VBS;.VBE;.JS;.JSE;.WSF;.WSH;.MSC'
    'PHPRC' => 'C:\\php\\'
    'PHP_COMMAND' => 'php.exe'
    'PROCESSOR_ARCHITECTURE' => 'x86'
    'PROCESSOR_ARCHITEW6432' => 'AMD64'
    'PROCESSOR_IDENTIFIER' => 'Intel64 Family 6 Model 58 Stepping 9, GenuineIntel'
    'PROCESSOR_LEVEL' => '6'
    'PROCESSOR_REVISION' => '3a09'
    'ProgramData' => 'C:\\ProgramData'
    'ProgramFiles' => 'C:\\Program Files (x86)'
    'ProgramFiles(x86)' => 'C:\\Program Files (x86)'
    'ProgramW6432' => 'C:\\Program Files'
    'PROMPT' => '$P$G'
    'PSModulePath' => 'C:\\Windows\\system32\\WindowsPowerShell\\v1.0\\Modules\\'
    'PUBLIC' => 'C:\\Users\\Public'
    'SESSIONNAME' => 'Console'
    'SystemDrive' => 'C:'
    'SystemRoot' => 'C:\\Windows'
    'TEMP' => 'C:\\Users\\RADIOF~2\\AppData\\Local\\Temp'
    'TMP' => 'C:\\Users\\RADIOF~2\\AppData\\Local\\Temp'
    'USERDNSDOMAIN' => 'KGNIC.LAN'
    'USERDOMAIN' => 'KGNIC'
    'USERNAME' => 'radiofisik'
    'USERPROFILE' => 'C:\\Users\\radiofisik'
    'VBOX_INSTALL_PATH' => 'C:\\Program Files\\Oracle\\VirtualBox\\'
    'VS100COMNTOOLS' => 'c:\\Program Files (x86)\\Microsoft Visual Studio 10.0\\Common7\\Tools\\'
    'windir' => 'C:\\Windows'
    'windows_tracing_flags' => '3'
    'windows_tracing_logfile' => 'C:\\BVTBin\\Tests\\installpackage\\csilogfile.log'
    'YII_PATH' => 'C:\\Users\\radiofisik\\Desktop\\kgnictasks\\root\\'
    'PHP_SELF' => 'C:\\Users\\radiofisik\\Desktop\\kgnictasks\\root\\yii'
    'SCRIPT_NAME' => 'C:\\Users\\radiofisik\\Desktop\\kgnictasks\\root\\yii'
    'SCRIPT_FILENAME' => 'C:\\Users\\radiofisik\\Desktop\\kgnictasks\\root\\yii'
    'PATH_TRANSLATED' => 'C:\\Users\\radiofisik\\Desktop\\kgnictasks\\root\\yii'
    'DOCUMENT_ROOT' => ''
    'REQUEST_TIME_FLOAT' => 1429533082.6266
    'REQUEST_TIME' => 1429533082
    'argv' => [
        0 => 'C:\\Users\\radiofisik\\Desktop\\kgnictasks\\root\\yii'
        1 => 'migrate'
    ]
    'argc' => 2
]
2015-04-20 12:31:39 [-][-][-][error][yii\db\Exception] exception 'PDOException' with message 'could not find driver' in C:\Users\radiofisik\Desktop\kgnictasks\root\vendor\yiisoft\yii2\db\Connection.php:579
Stack trace:
#0 C:\Users\radiofisik\Desktop\kgnictasks\root\vendor\yiisoft\yii2\db\Connection.php(579): PDO->__construct('mysqli:host=127...', 'root', 'usbw', NULL)
#1 C:\Users\radiofisik\Desktop\kgnictasks\root\vendor\yiisoft\yii2\db\Connection.php(529): yii\db\Connection->createPdoInstance()
#2 C:\Users\radiofisik\Desktop\kgnictasks\root\vendor\yiisoft\yii2\db\Connection.php(836): yii\db\Connection->open()
#3 C:\Users\radiofisik\Desktop\kgnictasks\root\vendor\yiisoft\yii2\db\Connection.php(823): yii\db\Connection->getMasterPdo()
#4 C:\Users\radiofisik\Desktop\kgnictasks\root\vendor\yiisoft\yii2\db\Command.php(208): yii\db\Connection->getSlavePdo()
#5 C:\Users\radiofisik\Desktop\kgnictasks\root\vendor\yiisoft\yii2\db\Command.php(816): yii\db\Command->prepare(true)
#6 C:\Users\radiofisik\Desktop\kgnictasks\root\vendor\yiisoft\yii2\db\Command.php(350): yii\db\Command->queryInternal('fetchAll', NULL)
#7 C:\Users\radiofisik\Desktop\kgnictasks\root\vendor\yiisoft\yii2\db\mysql\Schema.php(198): yii\db\Command->queryAll()
#8 C:\Users\radiofisik\Desktop\kgnictasks\root\vendor\yiisoft\yii2\db\mysql\Schema.php(97): yii\db\mysql\Schema->findColumns(Object(yii\db\TableSchema))
#9 C:\Users\radiofisik\Desktop\kgnictasks\root\vendor\yiisoft\yii2\db\Schema.php(140): yii\db\mysql\Schema->loadTableSchema('migration')
#10 C:\Users\radiofisik\Desktop\kgnictasks\root\vendor\yiisoft\yii2\console\controllers\MigrateController.php(121): yii\db\Schema->getTableSchema('{{%migration}}', true)
#11 C:\Users\radiofisik\Desktop\kgnictasks\root\vendor\yiisoft\yii2\console\controllers\BaseMigrateController.php(610): yii\console\controllers\MigrateController->getMigrationHistory(NULL)
#12 C:\Users\radiofisik\Desktop\kgnictasks\root\vendor\yiisoft\yii2\console\controllers\BaseMigrateController.php(102): yii\console\controllers\BaseMigrateController->getNewMigrations()
#13 [internal function]: yii\console\controllers\BaseMigrateController->actionUp(0)
#14 C:\Users\radiofisik\Desktop\kgnictasks\root\vendor\yiisoft\yii2\base\InlineAction.php(55): call_user_func_array(Array, Array)
#15 C:\Users\radiofisik\Desktop\kgnictasks\root\vendor\yiisoft\yii2\base\Controller.php(151): yii\base\InlineAction->runWithParams(Array)
#16 C:\Users\radiofisik\Desktop\kgnictasks\root\vendor\yiisoft\yii2\console\Controller.php(91): yii\base\Controller->runAction('', Array)
#17 C:\Users\radiofisik\Desktop\kgnictasks\root\vendor\yiisoft\yii2\base\Module.php(455): yii\console\Controller->runAction('', Array)
#18 C:\Users\radiofisik\Desktop\kgnictasks\root\vendor\yiisoft\yii2\console\Application.php(161): yii\base\Module->runAction('migrate', Array)
#19 C:\Users\radiofisik\Desktop\kgnictasks\root\vendor\yiisoft\yii2\console\Application.php(137): yii\console\Application->runAction('migrate', Array)
#20 C:\Users\radiofisik\Desktop\kgnictasks\root\vendor\yiisoft\yii2\base\Application.php(375): yii\console\Application->handleRequest(Object(yii\console\Request))
#21 C:\Users\radiofisik\Desktop\kgnictasks\root\yii(31): yii\base\Application->run()
#22 {main}

Next exception 'yii\db\Exception' with message 'could not find driver' in C:\Users\radiofisik\Desktop\kgnictasks\root\vendor\yiisoft\yii2\db\Connection.php:534
Stack trace:
#0 C:\Users\radiofisik\Desktop\kgnictasks\root\vendor\yiisoft\yii2\db\Connection.php(836): yii\db\Connection->open()
#1 C:\Users\radiofisik\Desktop\kgnictasks\root\vendor\yiisoft\yii2\db\Connection.php(823): yii\db\Connection->getMasterPdo()
#2 C:\Users\radiofisik\Desktop\kgnictasks\root\vendor\yiisoft\yii2\db\Command.php(208): yii\db\Connection->getSlavePdo()
#3 C:\Users\radiofisik\Desktop\kgnictasks\root\vendor\yiisoft\yii2\db\Command.php(816): yii\db\Command->prepare(true)
#4 C:\Users\radiofisik\Desktop\kgnictasks\root\vendor\yiisoft\yii2\db\Command.php(350): yii\db\Command->queryInternal('fetchAll', NULL)
#5 C:\Users\radiofisik\Desktop\kgnictasks\root\vendor\yiisoft\yii2\db\mysql\Schema.php(198): yii\db\Command->queryAll()
#6 C:\Users\radiofisik\Desktop\kgnictasks\root\vendor\yiisoft\yii2\db\mysql\Schema.php(97): yii\db\mysql\Schema->findColumns(Object(yii\db\TableSchema))
#7 C:\Users\radiofisik\Desktop\kgnictasks\root\vendor\yiisoft\yii2\db\Schema.php(140): yii\db\mysql\Schema->loadTableSchema('migration')
#8 C:\Users\radiofisik\Desktop\kgnictasks\root\vendor\yiisoft\yii2\console\controllers\MigrateController.php(121): yii\db\Schema->getTableSchema('{{%migration}}', true)
#9 C:\Users\radiofisik\Desktop\kgnictasks\root\vendor\yiisoft\yii2\console\controllers\BaseMigrateController.php(610): yii\console\controllers\MigrateController->getMigrationHistory(NULL)
#10 C:\Users\radiofisik\Desktop\kgnictasks\root\vendor\yiisoft\yii2\console\controllers\BaseMigrateController.php(102): yii\console\controllers\BaseMigrateController->getNewMigrations()
#11 [internal function]: yii\console\controllers\BaseMigrateController->actionUp(0)
#12 C:\Users\radiofisik\Desktop\kgnictasks\root\vendor\yiisoft\yii2\base\InlineAction.php(55): call_user_func_array(Array, Array)
#13 C:\Users\radiofisik\Desktop\kgnictasks\root\vendor\yiisoft\yii2\base\Controller.php(151): yii\base\InlineAction->runWithParams(Array)
#14 C:\Users\radiofisik\Desktop\kgnictasks\root\vendor\yiisoft\yii2\console\Controller.php(91): yii\base\Controller->runAction('', Array)
#15 C:\Users\radiofisik\Desktop\kgnictasks\root\vendor\yiisoft\yii2\base\Module.php(455): yii\console\Controller->runAction('', Array)
#16 C:\Users\radiofisik\Desktop\kgnictasks\root\vendor\yiisoft\yii2\console\Application.php(161): yii\base\Module->runAction('migrate', Array)
#17 C:\Users\radiofisik\Desktop\kgnictasks\root\vendor\yiisoft\yii2\console\Application.php(137): yii\console\Application->runAction('migrate', Array)
#18 C:\Users\radiofisik\Desktop\kgnictasks\root\vendor\yiisoft\yii2\base\Application.php(375): yii\console\Application->handleRequest(Object(yii\console\Request))
#19 C:\Users\radiofisik\Desktop\kgnictasks\root\yii(31): yii\base\Application->run()
#20 {main}
Additional Information:

2015-04-20 12:31:39 [-][-][-][info][application] $_SERVER = [
    'ALLUSERSPROFILE' => 'C:\\ProgramData'
    'AMDAPPSDKROOT' => 'C:\\Program Files (x86)\\AMD APP\\'
    'APPDATA' => 'C:\\Users\\radiofisik\\AppData\\Roaming'
    'CommonProgramFiles' => 'C:\\Program Files (x86)\\Common Files'
    'CommonProgramFiles(x86)' => 'C:\\Program Files (x86)\\Common Files'
    'CommonProgramW6432' => 'C:\\Program Files\\Common Files'
    'COMPUTERNAME' => 'UEC3901'
    'ComSpec' => 'C:\\Windows\\system32\\cmd.exe'
    'FP_NO_HOST_CHECK' => 'NO'
    'HOMEDRIVE' => 'C:'
    'HOMEPATH' => '\\Users\\radiofisik'
    'JAVA_HOME' => 'C:\\Program Files\\Java\\jdk1.7.0_10'
    'LOCALAPPDATA' => 'C:\\Users\\radiofisik\\AppData\\Local'
    'LOGONSERVER' => '\\\\ZENTYAL'
    'MIBDIRS' => 'C:\\php\\extras\\mibs'
    'NUMBER_OF_PROCESSORS' => '4'
    'OS' => 'Windows_NT'
    'Path' => 'C:\\ProgramData\\Oracle\\Java\\javapath;C:\\php\\;C:\\app\\atolkov\\product\\11.2.0\\client_1;C:\\app\\atolkov\\product\\11.2.0\\client_1\\bin;C:\\app\\NDubrovskiy\\product\\11.2.0\\client_1\\bin;C:\\Windows\\system32;C:\\Windows;C:\\Windows\\System32\\Wbem;C:\\Windows\\System32\\WindowsPowerShell\\v1.0\\;C:\\Windows\\System32\\Windows System Resource Manager\\bin;C:\\Windows\\idmu\\common;C:\\net-snmp\\bin;D:\\JAVA\\apache-maven-3.2.1\\bin;D:\\JAVA\\gradle-2.0\\bin;C:\\Program Files (x86)\\Java\\jdk1.8.0_05\\bin;C:\\Program Files\\Aladdin\\eToken\\PKIClient\\x32;C:\\Program Files\\Aladdin\\eToken\\PKIClient\\x64;C:\\Program Files (x86)\\Skype\\Phone\\;C:\\ProgramData\\ComposerSetup\\bin;C:\\Program Files (x86)\\Jar2Exe Wizard\\'
    'PATHEXT' => '.COM;.EXE;.BAT;.CMD;.VBS;.VBE;.JS;.JSE;.WSF;.WSH;.MSC'
    'PHPRC' => 'C:\\php\\'
    'PHP_COMMAND' => 'php.exe'
    'PROCESSOR_ARCHITECTURE' => 'x86'
    'PROCESSOR_ARCHITEW6432' => 'AMD64'
    'PROCESSOR_IDENTIFIER' => 'Intel64 Family 6 Model 58 Stepping 9, GenuineIntel'
    'PROCESSOR_LEVEL' => '6'
    'PROCESSOR_REVISION' => '3a09'
    'ProgramData' => 'C:\\ProgramData'
    'ProgramFiles' => 'C:\\Program Files (x86)'
    'ProgramFiles(x86)' => 'C:\\Program Files (x86)'
    'ProgramW6432' => 'C:\\Program Files'
    'PROMPT' => '$P$G'
    'PSModulePath' => 'C:\\Windows\\system32\\WindowsPowerShell\\v1.0\\Modules\\'
    'PUBLIC' => 'C:\\Users\\Public'
    'SESSIONNAME' => 'Console'
    'SystemDrive' => 'C:'
    'SystemRoot' => 'C:\\Windows'
    'TEMP' => 'C:\\Users\\RADIOF~2\\AppData\\Local\\Temp'
    'TMP' => 'C:\\Users\\RADIOF~2\\AppData\\Local\\Temp'
    'USERDNSDOMAIN' => 'KGNIC.LAN'
    'USERDOMAIN' => 'KGNIC'
    'USERNAME' => 'radiofisik'
    'USERPROFILE' => 'C:\\Users\\radiofisik'
    'VBOX_INSTALL_PATH' => 'C:\\Program Files\\Oracle\\VirtualBox\\'
    'VS100COMNTOOLS' => 'c:\\Program Files (x86)\\Microsoft Visual Studio 10.0\\Common7\\Tools\\'
    'windir' => 'C:\\Windows'
    'windows_tracing_flags' => '3'
    'windows_tracing_logfile' => 'C:\\BVTBin\\Tests\\installpackage\\csilogfile.log'
    'YII_PATH' => 'C:\\Users\\radiofisik\\Desktop\\kgnictasks\\root\\'
    'PHP_SELF' => 'C:\\Users\\radiofisik\\Desktop\\kgnictasks\\root\\yii'
    'SCRIPT_NAME' => 'C:\\Users\\radiofisik\\Desktop\\kgnictasks\\root\\yii'
    'SCRIPT_FILENAME' => 'C:\\Users\\radiofisik\\Desktop\\kgnictasks\\root\\yii'
    'PATH_TRANSLATED' => 'C:\\Users\\radiofisik\\Desktop\\kgnictasks\\root\\yii'
    'DOCUMENT_ROOT' => ''
    'REQUEST_TIME_FLOAT' => 1429533099.6573
    'REQUEST_TIME' => 1429533099
    'argv' => [
        0 => 'C:\\Users\\radiofisik\\Desktop\\kgnictasks\\root\\yii'
        1 => 'migrate'
    ]
    'argc' => 2
]
2015-04-20 12:31:51 [-][-][-][error][yii\db\Exception] exception 'PDOException' with message 'could not find driver' in C:\Users\radiofisik\Desktop\kgnictasks\root\vendor\yiisoft\yii2\db\Connection.php:579
Stack trace:
#0 C:\Users\radiofisik\Desktop\kgnictasks\root\vendor\yiisoft\yii2\db\Connection.php(579): PDO->__construct('mysql:host=127....', 'root', 'usbw', NULL)
#1 C:\Users\radiofisik\Desktop\kgnictasks\root\vendor\yiisoft\yii2\db\Connection.php(529): yii\db\Connection->createPdoInstance()
#2 C:\Users\radiofisik\Desktop\kgnictasks\root\vendor\yiisoft\yii2\db\Connection.php(836): yii\db\Connection->open()
#3 C:\Users\radiofisik\Desktop\kgnictasks\root\vendor\yiisoft\yii2\db\Connection.php(823): yii\db\Connection->getMasterPdo()
#4 C:\Users\radiofisik\Desktop\kgnictasks\root\vendor\yiisoft\yii2\db\Command.php(208): yii\db\Connection->getSlavePdo()
#5 C:\Users\radiofisik\Desktop\kgnictasks\root\vendor\yiisoft\yii2\db\Command.php(816): yii\db\Command->prepare(true)
#6 C:\Users\radiofisik\Desktop\kgnictasks\root\vendor\yiisoft\yii2\db\Command.php(350): yii\db\Command->queryInternal('fetchAll', NULL)
#7 C:\Users\radiofisik\Desktop\kgnictasks\root\vendor\yiisoft\yii2\db\mysql\Schema.php(198): yii\db\Command->queryAll()
#8 C:\Users\radiofisik\Desktop\kgnictasks\root\vendor\yiisoft\yii2\db\mysql\Schema.php(97): yii\db\mysql\Schema->findColumns(Object(yii\db\TableSchema))
#9 C:\Users\radiofisik\Desktop\kgnictasks\root\vendor\yiisoft\yii2\db\Schema.php(140): yii\db\mysql\Schema->loadTableSchema('migration')
#10 C:\Users\radiofisik\Desktop\kgnictasks\root\vendor\yiisoft\yii2\console\controllers\MigrateController.php(121): yii\db\Schema->getTableSchema('{{%migration}}', true)
#11 C:\Users\radiofisik\Desktop\kgnictasks\root\vendor\yiisoft\yii2\console\controllers\BaseMigrateController.php(610): yii\console\controllers\MigrateController->getMigrationHistory(NULL)
#12 C:\Users\radiofisik\Desktop\kgnictasks\root\vendor\yiisoft\yii2\console\controllers\BaseMigrateController.php(102): yii\console\controllers\BaseMigrateController->getNewMigrations()
#13 [internal function]: yii\console\controllers\BaseMigrateController->actionUp(0)
#14 C:\Users\radiofisik\Desktop\kgnictasks\root\vendor\yiisoft\yii2\base\InlineAction.php(55): call_user_func_array(Array, Array)
#15 C:\Users\radiofisik\Desktop\kgnictasks\root\vendor\yiisoft\yii2\base\Controller.php(151): yii\base\InlineAction->runWithParams(Array)
#16 C:\Users\radiofisik\Desktop\kgnictasks\root\vendor\yiisoft\yii2\console\Controller.php(91): yii\base\Controller->runAction('', Array)
#17 C:\Users\radiofisik\Desktop\kgnictasks\root\vendor\yiisoft\yii2\base\Module.php(455): yii\console\Controller->runAction('', Array)
#18 C:\Users\radiofisik\Desktop\kgnictasks\root\vendor\yiisoft\yii2\console\Application.php(161): yii\base\Module->runAction('migrate', Array)
#19 C:\Users\radiofisik\Desktop\kgnictasks\root\vendor\yiisoft\yii2\console\Application.php(137): yii\console\Application->runAction('migrate', Array)
#20 C:\Users\radiofisik\Desktop\kgnictasks\root\vendor\yiisoft\yii2\base\Application.php(375): yii\console\Application->handleRequest(Object(yii\console\Request))
#21 C:\Users\radiofisik\Desktop\kgnictasks\root\yii(31): yii\base\Application->run()
#22 {main}

Next exception 'yii\db\Exception' with message 'could not find driver' in C:\Users\radiofisik\Desktop\kgnictasks\root\vendor\yiisoft\yii2\db\Connection.php:534
Stack trace:
#0 C:\Users\radiofisik\Desktop\kgnictasks\root\vendor\yiisoft\yii2\db\Connection.php(836): yii\db\Connection->open()
#1 C:\Users\radiofisik\Desktop\kgnictasks\root\vendor\yiisoft\yii2\db\Connection.php(823): yii\db\Connection->getMasterPdo()
#2 C:\Users\radiofisik\Desktop\kgnictasks\root\vendor\yiisoft\yii2\db\Command.php(208): yii\db\Connection->getSlavePdo()
#3 C:\Users\radiofisik\Desktop\kgnictasks\root\vendor\yiisoft\yii2\db\Command.php(816): yii\db\Command->prepare(true)
#4 C:\Users\radiofisik\Desktop\kgnictasks\root\vendor\yiisoft\yii2\db\Command.php(350): yii\db\Command->queryInternal('fetchAll', NULL)
#5 C:\Users\radiofisik\Desktop\kgnictasks\root\vendor\yiisoft\yii2\db\mysql\Schema.php(198): yii\db\Command->queryAll()
#6 C:\Users\radiofisik\Desktop\kgnictasks\root\vendor\yiisoft\yii2\db\mysql\Schema.php(97): yii\db\mysql\Schema->findColumns(Object(yii\db\TableSchema))
#7 C:\Users\radiofisik\Desktop\kgnictasks\root\vendor\yiisoft\yii2\db\Schema.php(140): yii\db\mysql\Schema->loadTableSchema('migration')
#8 C:\Users\radiofisik\Desktop\kgnictasks\root\vendor\yiisoft\yii2\console\controllers\MigrateController.php(121): yii\db\Schema->getTableSchema('{{%migration}}', true)
#9 C:\Users\radiofisik\Desktop\kgnictasks\root\vendor\yiisoft\yii2\console\controllers\BaseMigrateController.php(610): yii\console\controllers\MigrateController->getMigrationHistory(NULL)
#10 C:\Users\radiofisik\Desktop\kgnictasks\root\vendor\yiisoft\yii2\console\controllers\BaseMigrateController.php(102): yii\console\controllers\BaseMigrateController->getNewMigrations()
#11 [internal function]: yii\console\controllers\BaseMigrateController->actionUp(0)
#12 C:\Users\radiofisik\Desktop\kgnictasks\root\vendor\yiisoft\yii2\base\InlineAction.php(55): call_user_func_array(Array, Array)
#13 C:\Users\radiofisik\Desktop\kgnictasks\root\vendor\yiisoft\yii2\base\Controller.php(151): yii\base\InlineAction->runWithParams(Array)
#14 C:\Users\radiofisik\Desktop\kgnictasks\root\vendor\yiisoft\yii2\console\Controller.php(91): yii\base\Controller->runAction('', Array)
#15 C:\Users\radiofisik\Desktop\kgnictasks\root\vendor\yiisoft\yii2\base\Module.php(455): yii\console\Controller->runAction('', Array)
#16 C:\Users\radiofisik\Desktop\kgnictasks\root\vendor\yiisoft\yii2\console\Application.php(161): yii\base\Module->runAction('migrate', Array)
#17 C:\Users\radiofisik\Desktop\kgnictasks\root\vendor\yiisoft\yii2\console\Application.php(137): yii\console\Application->runAction('migrate', Array)
#18 C:\Users\radiofisik\Desktop\kgnictasks\root\vendor\yiisoft\yii2\base\Application.php(375): yii\console\Application->handleRequest(Object(yii\console\Request))
#19 C:\Users\radiofisik\Desktop\kgnictasks\root\yii(31): yii\base\Application->run()
#20 {main}
Additional Information:

2015-04-20 12:31:51 [-][-][-][info][application] $_SERVER = [
    'ALLUSERSPROFILE' => 'C:\\ProgramData'
    'AMDAPPSDKROOT' => 'C:\\Program Files (x86)\\AMD APP\\'
    'APPDATA' => 'C:\\Users\\radiofisik\\AppData\\Roaming'
    'CommonProgramFiles' => 'C:\\Program Files (x86)\\Common Files'
    'CommonProgramFiles(x86)' => 'C:\\Program Files (x86)\\Common Files'
    'CommonProgramW6432' => 'C:\\Program Files\\Common Files'
    'COMPUTERNAME' => 'UEC3901'
    'ComSpec' => 'C:\\Windows\\system32\\cmd.exe'
    'FP_NO_HOST_CHECK' => 'NO'
    'HOMEDRIVE' => 'C:'
    'HOMEPATH' => '\\Users\\radiofisik'
    'JAVA_HOME' => 'C:\\Program Files\\Java\\jdk1.7.0_10'
    'LOCALAPPDATA' => 'C:\\Users\\radiofisik\\AppData\\Local'
    'LOGONSERVER' => '\\\\ZENTYAL'
    'MIBDIRS' => 'C:\\php\\extras\\mibs'
    'NUMBER_OF_PROCESSORS' => '4'
    'OS' => 'Windows_NT'
    'Path' => 'C:\\ProgramData\\Oracle\\Java\\javapath;C:\\php\\;C:\\app\\atolkov\\product\\11.2.0\\client_1;C:\\app\\atolkov\\product\\11.2.0\\client_1\\bin;C:\\app\\NDubrovskiy\\product\\11.2.0\\client_1\\bin;C:\\Windows\\system32;C:\\Windows;C:\\Windows\\System32\\Wbem;C:\\Windows\\System32\\WindowsPowerShell\\v1.0\\;C:\\Windows\\System32\\Windows System Resource Manager\\bin;C:\\Windows\\idmu\\common;C:\\net-snmp\\bin;D:\\JAVA\\apache-maven-3.2.1\\bin;D:\\JAVA\\gradle-2.0\\bin;C:\\Program Files (x86)\\Java\\jdk1.8.0_05\\bin;C:\\Program Files\\Aladdin\\eToken\\PKIClient\\x32;C:\\Program Files\\Aladdin\\eToken\\PKIClient\\x64;C:\\Program Files (x86)\\Skype\\Phone\\;C:\\ProgramData\\ComposerSetup\\bin;C:\\Program Files (x86)\\Jar2Exe Wizard\\'
    'PATHEXT' => '.COM;.EXE;.BAT;.CMD;.VBS;.VBE;.JS;.JSE;.WSF;.WSH;.MSC'
    'PHPRC' => 'C:\\php\\'
    'PHP_COMMAND' => 'php.exe'
    'PROCESSOR_ARCHITECTURE' => 'x86'
    'PROCESSOR_ARCHITEW6432' => 'AMD64'
    'PROCESSOR_IDENTIFIER' => 'Intel64 Family 6 Model 58 Stepping 9, GenuineIntel'
    'PROCESSOR_LEVEL' => '6'
    'PROCESSOR_REVISION' => '3a09'
    'ProgramData' => 'C:\\ProgramData'
    'ProgramFiles' => 'C:\\Program Files (x86)'
    'ProgramFiles(x86)' => 'C:\\Program Files (x86)'
    'ProgramW6432' => 'C:\\Program Files'
    'PROMPT' => '$P$G'
    'PSModulePath' => 'C:\\Windows\\system32\\WindowsPowerShell\\v1.0\\Modules\\'
    'PUBLIC' => 'C:\\Users\\Public'
    'SESSIONNAME' => 'Console'
    'SystemDrive' => 'C:'
    'SystemRoot' => 'C:\\Windows'
    'TEMP' => 'C:\\Users\\RADIOF~2\\AppData\\Local\\Temp'
    'TMP' => 'C:\\Users\\RADIOF~2\\AppData\\Local\\Temp'
    'USERDNSDOMAIN' => 'KGNIC.LAN'
    'USERDOMAIN' => 'KGNIC'
    'USERNAME' => 'radiofisik'
    'USERPROFILE' => 'C:\\Users\\radiofisik'
    'VBOX_INSTALL_PATH' => 'C:\\Program Files\\Oracle\\VirtualBox\\'
    'VS100COMNTOOLS' => 'c:\\Program Files (x86)\\Microsoft Visual Studio 10.0\\Common7\\Tools\\'
    'windir' => 'C:\\Windows'
    'windows_tracing_flags' => '3'
    'windows_tracing_logfile' => 'C:\\BVTBin\\Tests\\installpackage\\csilogfile.log'
    'YII_PATH' => 'C:\\Users\\radiofisik\\Desktop\\kgnictasks\\root\\'
    'PHP_SELF' => 'C:\\Users\\radiofisik\\Desktop\\kgnictasks\\root\\yii'
    'SCRIPT_NAME' => 'C:\\Users\\radiofisik\\Desktop\\kgnictasks\\root\\yii'
    'SCRIPT_FILENAME' => 'C:\\Users\\radiofisik\\Desktop\\kgnictasks\\root\\yii'
    'PATH_TRANSLATED' => 'C:\\Users\\radiofisik\\Desktop\\kgnictasks\\root\\yii'
    'DOCUMENT_ROOT' => ''
    'REQUEST_TIME_FLOAT' => 1429533111.6235
    'REQUEST_TIME' => 1429533111
    'argv' => [
        0 => 'C:\\Users\\radiofisik\\Desktop\\kgnictasks\\root\\yii'
        1 => 'migrate'
    ]
    'argc' => 2
]
