::1 - - [27/Apr/2015:09:06:54 +0200] "GET /frontend/web/assets/bbf7f179/fullcalendar.print.css HTTP/1.1" 200 5570
::1 - - [27/Apr/2015:09:06:54 +0200] "GET /frontend/web/assets/5b922f22/themes/smoothness/jquery-ui.css HTTP/1.1" 200 36437
::1 - - [27/Apr/2015:09:06:54 +0200] "GET /frontend/web/assets/bbf7f179/fullcalendar.css HTTP/1.1" 200 22430
::1 - - [27/Apr/2015:09:06:54 +0200] "GET /frontend/web/assets/bbf7f179/fullcalendar.js HTTP/1.1" 200 245039
::1 - - [27/Apr/2015:09:06:54 +0200] "GET /frontend/web/assets/5b922f22/jquery-ui.js HTTP/1.1" 200 487212
::1 - - [27/Apr/2015:09:06:54 +0200] "GET /frontend/web/assets/bbf7f179/lib/moment.min.js HTTP/1.1" 200 31776
::1 - - [27/Apr/2015:09:06:54 +0200] "GET /frontend/web/assets/bbf7f179/lang/ru.js HTTP/1.1" 200 4254
::1 - - [27/Apr/2015:09:06:48 +0200] "GET / HTTP/1.1" 200 11860
::1 - - [27/Apr/2015:09:06:54 +0200] "GET /frontend/web/index.php?r=debug%2Fdefault%2Ftoolbar&tag=553de0088d6d0 HTTP/1.1" 200 19966
::1 - - [27/Apr/2015:09:41:23 +0200] "GET /frontend/web/assets/a7a825e9/yii.gridView.js HTTP/1.1" 304 -
::1 - - [27/Apr/2015:09:41:23 +0200] "GET /frontend/web/assets/de09d679/fonts/glyphicons-halflings-regular.woff2 HTTP/1.1" 304 -
::1 - - [27/Apr/2015:09:41:20 +0200] "GET /frontend/web/index.php?r=organization%2Findex HTTP/1.1" 200 14623
::1 - - [27/Apr/2015:09:41:23 +0200] "GET /frontend/web/index.php?r=debug%2Fdefault%2Ftoolbar&tag=553de820ee673 HTTP/1.1" 200 19984
::1 - - [27/Apr/2015:09:41:27 +0200] "GET /frontend/web/assets/a7a825e9/yii.validation.js HTTP/1.1" 304 -
::1 - - [27/Apr/2015:09:41:27 +0200] "GET /frontend/web/assets/a7a825e9/yii.activeForm.js HTTP/1.1" 304 -
::1 - - [27/Apr/2015:09:41:26 +0200] "GET /frontend/web/index.php?r=organization%2Fupdate&id=5 HTTP/1.1" 200 14440
::1 - - [27/Apr/2015:09:41:27 +0200] "GET /frontend/web/index.php?r=debug%2Fdefault%2Ftoolbar&tag=553de82694f0e HTTP/1.1" 200 19984
::1 - - [27/Apr/2015:09:42:16 +0200] "GET /frontend/web/assets/5b922f22/jquery-ui.js HTTP/1.1" 304 -
::1 - - [27/Apr/2015:09:42:16 +0200] "GET /frontend/web/assets/5b922f22/themes/smoothness/jquery-ui.css HTTP/1.1" 304 -
::1 - - [27/Apr/2015:09:42:16 +0200] "GET /frontend/web/assets/bbf7f179/fullcalendar.js HTTP/1.1" 304 -
::1 - - [27/Apr/2015:09:42:16 +0200] "GET /frontend/web/assets/bbf7f179/fullcalendar.print.css HTTP/1.1" 304 -
::1 - - [27/Apr/2015:09:42:16 +0200] "GET /frontend/web/assets/bbf7f179/fullcalendar.css HTTP/1.1" 304 -
::1 - - [27/Apr/2015:09:42:16 +0200] "GET /frontend/web/assets/bbf7f179/lang/ru.js HTTP/1.1" 304 -
::1 - - [27/Apr/2015:09:42:16 +0200] "GET /frontend/web/assets/bbf7f179/lib/moment.min.js HTTP/1.1" 304 -
::1 - - [27/Apr/2015:09:42:16 +0200] "GET /frontend/web/index.php?XDEBUG_SESSION_START=netbeans-xdebug HTTP/1.1" 200 11860
::1 - - [27/Apr/2015:09:42:16 +0200] "GET /frontend/web/index.php?r=debug%2Fdefault%2Ftoolbar&tag=553de85863219 HTTP/1.1" 200 19962
::1 - - [27/Apr/2015:09:42:20 +0200] "GET /frontend/web/index.php?r=organization%2Findex HTTP/1.1" 200 14623
::1 - - [27/Apr/2015:09:42:22 +0200] "GET /frontend/web/index.php?r=debug%2Fdefault%2Ftoolbar&tag=553de85c4cc40 HTTP/1.1" 200 19984
::1 - - [27/Apr/2015:09:42:25 +0200] "GET /frontend/web/assets/16da25fa/jquery.pjax.js HTTP/1.1" 200 27648
::1 - - [27/Apr/2015:09:42:24 +0200] "GET /frontend/web/index.php?r=people%2Forglist&orgid=5 HTTP/1.1" 200 15709
::1 - - [27/Apr/2015:09:42:25 +0200] "GET /frontend/web/index.php?r=debug%2Fdefault%2Ftoolbar&tag=553de86078d02 HTTP/1.1" 200 19976
::1 - - [27/Apr/2015:09:42:32 +0200] "GET /frontend/web/index.php?r=people%2Fupdate&id=3 HTTP/1.1" 200 17568
::1 - - [27/Apr/2015:09:44:08 +0200] "GET /frontend/web/index.php?r=debug%2Fdefault%2Ftoolbar&tag=553de868b418a HTTP/1.1" 200 19976
::1 - - [27/Apr/2015:09:44:16 +0200] "POST /frontend/web/index.php?r=people%2Fupdate&id=3 HTTP/1.1" 302 -
::1 - - [27/Apr/2015:09:48:55 +0200] "GET /frontend/web/index.php?r=people%2Fview&id=3 HTTP/1.1" 200 11372
::1 - - [27/Apr/2015:09:48:56 +0200] "GET /frontend/web/index.php?r=debug%2Fdefault%2Ftoolbar&tag=553de9e793b1d HTTP/1.1" 200 19964
::1 - - [27/Apr/2015:09:49:02 +0200] "GET /frontend/web/index.php?r=people%2Fupdate&id=3 HTTP/1.1" 200 17560
::1 - - [27/Apr/2015:09:49:11 +0200] "GET /frontend/web/assets/de09d679/css/bootstrap.css HTTP/1.1" 304 -
::1 - - [27/Apr/2015:09:49:11 +0200] "GET /frontend/web/assets/de09d679/js/bootstrap.js HTTP/1.1" 304 -
::1 - - [27/Apr/2015:09:49:11 +0200] "GET /frontend/web/assets/a7a825e9/yii.js HTTP/1.1" 304 -
::1 - - [27/Apr/2015:09:49:11 +0200] "GET /frontend/web/css/site.css HTTP/1.1" 304 -
::1 - - [27/Apr/2015:09:49:11 +0200] "GET /frontend/web/assets/dca7228/jquery.js HTTP/1.1" 304 -
::1 - - [27/Apr/2015:09:49:08 +0200] "GET /frontend/web/index.php?r=people%2Fview&id=3 HTTP/1.1" 200 11372
::1 - - [27/Apr/2015:09:49:11 +0200] "GET /frontend/web/index.php?r=debug%2Fdefault%2Ftoolbar&tag=553de9f71ea45 HTTP/1.1" 200 19964
::1 - - [27/Apr/2015:09:49:15 +0200] "GET /frontend/web/index.php?r=people%2Fupdate&id=3 HTTP/1.1" 200 17560
::1 - - [27/Apr/2015:09:49:19 +0200] "GET /frontend/web/index.php?r=debug%2Fdefault%2Ftoolbar&tag=553de9fc2599c HTTP/1.1" 200 19974
::1 - - [27/Apr/2015:09:49:23 +0200] "POST /frontend/web/index.php?r=people%2Fupdate&id=3 HTTP/1.1" 302 -
::1 - - [27/Apr/2015:10:47:28 +0200] "GET /frontend/web/index.php?r=people%2Fview&id=3 HTTP/1.1" 200 11372
::1 - - [27/Apr/2015:10:47:29 +0200] "GET /frontend/web/index.php?r=debug%2Fdefault%2Ftoolbar&tag=553df7a0c497a HTTP/1.1" 200 19964
::1 - - [27/Apr/2015:10:48:12 +0200] "GET /frontend/web/index.php?r=people%2Fupdate&id=3 HTTP/1.1" 200 17568
::1 - - [27/Apr/2015:10:50:56 +0200] "GET /frontend/web/index.php?r=debug%2Fdefault%2Ftoolbar&tag=553df7ccbed47 HTTP/1.1" 200 19978
::1 - - [27/Apr/2015:10:50:59 +0200] "POST /frontend/web/index.php?r=people%2Fupdate&id=3 HTTP/1.1" 302 -
::1 - - [27/Apr/2015:14:33:06 +0200] "GET /frontend/web/index.php?r=people%2Fview&id=3 HTTP/1.1" 200 11372
::1 - - [27/Apr/2015:14:33:07 +0200] "GET /frontend/web/index.php?r=debug%2Fdefault%2Ftoolbar&tag=553e2c82d03af HTTP/1.1" 200 19964
::1 - - [27/Apr/2015:14:34:28 +0200] "GET /frontend/web/index.php?r=people%2Fupdate&id=3 HTTP/1.1" 200 17568
::1 - - [27/Apr/2015:14:34:33 +0200] "GET /frontend/web/index.php?r=debug%2Fdefault%2Ftoolbar&tag=553e2cd48d60b HTTP/1.1" 200 19974
::1 - - [27/Apr/2015:14:34:36 +0200] "POST /frontend/web/index.php?r=people%2Fupdate&id=3 HTTP/1.1" 302 -
::1 - - [27/Apr/2015:14:34:38 +0200] "GET /frontend/web/index.php?r=people%2Fview&id=3 HTTP/1.1" 200 11372
::1 - - [27/Apr/2015:14:34:39 +0200] "GET /frontend/web/index.php?r=debug%2Fdefault%2Ftoolbar&tag=553e2cdf25e04 HTTP/1.1" 200 19964
::1 - - [27/Apr/2015:14:34:41 +0200] "GET /frontend/web/index.php?r=people%2Fupdate&id=3 HTTP/1.1" 200 17560
::1 - - [27/Apr/2015:14:34:45 +0200] "GET /frontend/web/index.php?r=debug%2Fdefault%2Ftoolbar&tag=553e2ce197763 HTTP/1.1" 200 19974
::1 - - [27/Apr/2015:14:34:48 +0200] "POST /frontend/web/index.php?r=people%2Fupdate&id=3 HTTP/1.1" 302 -
::1 - - [27/Apr/2015:14:34:51 +0200] "GET /frontend/web/index.php?r=people%2Fview&id=3 HTTP/1.1" 200 11372
::1 - - [27/Apr/2015:14:34:51 +0200] "GET /frontend/web/index.php?r=debug%2Fdefault%2Ftoolbar&tag=553e2ceb5b65a HTTP/1.1" 200 19964
::1 - - [27/Apr/2015:14:34:57 +0200] "GET /frontend/web/index.php?r=people%2Fupdate&id=3 HTTP/1.1" 200 17568
::1 - - [27/Apr/2015:14:34:58 +0200] "GET /frontend/web/index.php?r=debug%2Fdefault%2Ftoolbar&tag=553e2cf179166 HTTP/1.1" 200 19974
::1 - - [27/Apr/2015:14:35:01 +0200] "POST /frontend/web/index.php?r=people%2Fupdate&id=3 HTTP/1.1" 302 -
::1 - - [27/Apr/2015:14:35:01 +0200] "GET /frontend/web/index.php?r=people%2Fview&id=3 HTTP/1.1" 200 11372
::1 - - [27/Apr/2015:14:35:02 +0200] "GET /frontend/web/index.php?r=debug%2Fdefault%2Ftoolbar&tag=553e2cf631e9d HTTP/1.1" 200 19964
::1 - - [27/Apr/2015:14:35:03 +0200] "GET /frontend/web/index.php?r=people%2Fupdate&id=3 HTTP/1.1" 200 17560
::1 - - [27/Apr/2015:14:35:05 +0200] "GET /frontend/web/index.php?r=debug%2Fdefault%2Ftoolbar&tag=553e2cf82c1a3 HTTP/1.1" 200 19974
::1 - - [27/Apr/2015:14:35:08 +0200] "POST /frontend/web/index.php?r=people%2Fupdate&id=3 HTTP/1.1" 302 -
::1 - - [27/Apr/2015:14:35:09 +0200] "GET /frontend/web/index.php?r=people%2Fview&id=3 HTTP/1.1" 200 11372
::1 - - [27/Apr/2015:14:35:10 +0200] "GET /frontend/web/index.php?r=debug%2Fdefault%2Ftoolbar&tag=553e2cfd8e227 HTTP/1.1" 200 19964
::1 - - [27/Apr/2015:14:35:11 +0200] "GET /frontend/web/index.php?r=people%2Fupdate&id=3 HTTP/1.1" 200 17568
::1 - - [27/Apr/2015:14:35:13 +0200] "GET /frontend/web/index.php?r=debug%2Fdefault%2Ftoolbar&tag=553e2d001e22d HTTP/1.1" 200 19974
::1 - - [27/Apr/2015:14:35:43 +0200] "POST /frontend/web/index.php?r=people%2Fupdate&id=3 HTTP/1.1" 302 -
::1 - - [27/Apr/2015:14:35:44 +0200] "GET /frontend/web/index.php?r=people%2Fview&id=3 HTTP/1.1" 200 11372
::1 - - [27/Apr/2015:14:35:45 +0200] "GET /frontend/web/index.php?r=debug%2Fdefault%2Ftoolbar&tag=553e2d20d54f0 HTTP/1.1" 200 19964
::1 - - [27/Apr/2015:14:35:46 +0200] "GET /frontend/web/index.php?r=people%2Fupdate&id=3 HTTP/1.1" 200 17568
::1 - - [27/Apr/2015:14:35:48 +0200] "GET /frontend/web/index.php?r=debug%2Fdefault%2Ftoolbar&tag=553e2d231bd10 HTTP/1.1" 200 19974
::1 - - [27/Apr/2015:14:35:50 +0200] "POST /frontend/web/index.php?r=people%2Fupdate&id=3 HTTP/1.1" 302 -
::1 - - [27/Apr/2015:14:35:51 +0200] "GET /frontend/web/index.php?r=people%2Fview&id=3 HTTP/1.1" 200 11372
::1 - - [27/Apr/2015:14:35:52 +0200] "GET /frontend/web/index.php?r=debug%2Fdefault%2Ftoolbar&tag=553e2d27bf813 HTTP/1.1" 200 19964
::1 - - [27/Apr/2015:14:35:54 +0200] "GET /frontend/web/index.php?r=people%2Fupdate&id=3 HTTP/1.1" 200 17568
::1 - - [27/Apr/2015:14:35:56 +0200] "GET /frontend/web/index.php?r=debug%2Fdefault%2Ftoolbar&tag=553e2d2b1cfd0 HTTP/1.1" 200 19974
