[Sat Apr 25 21:42:10.957419 2015] [mpm_winnt:notice] [pid 3960:tid 540] AH00455: Apache/2.4.6 (Win32) PHP/5.4.17 configured -- resuming normal operations
[Sat Apr 25 21:42:10.957419 2015] [mpm_winnt:notice] [pid 3960:tid 540] AH00456: Apache Lounge VC10 Server built: Jul 16 2013 11:15:41
[Sat Apr 25 21:42:10.957419 2015] [core:notice] [pid 3960:tid 540] AH00094: Command line: 'C:\\Users\\radiofisik\\Desktop\\kgnictasks/apache2/bin/httpd_usbwv8.exe -d C:/Users/radiofisik/Desktop/kgnictasks/apache2'
[Sat Apr 25 21:42:10.988669 2015] [mpm_winnt:notice] [pid 3960:tid 540] AH00418: Parent: Created child process 6268
[Sat Apr 25 21:42:11.332408 2015] [mpm_winnt:notice] [pid 6268:tid 568] AH00354: Child: Starting 64 worker threads.
[Sat Apr 25 21:43:36.209118 2015] [:error] [pid 6268:tid 1076] [client ::1:60229] PHP Parse error:  syntax error, unexpected '.', expecting ']' in C:\\Users\\radiofisik\\Desktop\\kgnictasks\\root\\frontend\\views\\site\\index.php on line 34
[Sat Apr 25 21:43:36.210118 2015] [:error] [pid 6268:tid 1076] [client ::1:60229] PHP Stack trace:
[Sat Apr 25 21:43:36.210118 2015] [:error] [pid 6268:tid 1076] [client ::1:60229] PHP   1. {main}() C:\\Users\\radiofisik\\Desktop\\kgnictasks\\root\\frontend\\web\\index.php:0
[Sat Apr 25 21:43:36.210118 2015] [:error] [pid 6268:tid 1076] [client ::1:60229] PHP   2. yii\\base\\Application->run() C:\\Users\\radiofisik\\Desktop\\kgnictasks\\root\\frontend\\web\\index.php:18
[Sat Apr 25 21:43:36.210118 2015] [:error] [pid 6268:tid 1076] [client ::1:60229] PHP   3. yii\\web\\Application->handleRequest() C:\\Users\\radiofisik\\Desktop\\kgnictasks\\root\\vendor\\yiisoft\\yii2\\base\\Application.php:375
[Sat Apr 25 21:43:36.210118 2015] [:error] [pid 6268:tid 1076] [client ::1:60229] PHP   4. yii\\base\\Module->runAction() C:\\Users\\radiofisik\\Desktop\\kgnictasks\\root\\vendor\\yiisoft\\yii2\\web\\Application.php:83
[Sat Apr 25 21:43:36.210118 2015] [:error] [pid 6268:tid 1076] [client ::1:60229] PHP   5. yii\\base\\Controller->runAction() C:\\Users\\radiofisik\\Desktop\\kgnictasks\\root\\vendor\\yiisoft\\yii2\\base\\Module.php:455
[Sat Apr 25 21:43:36.210118 2015] [:error] [pid 6268:tid 1076] [client ::1:60229] PHP   6. yii\\base\\InlineAction->runWithParams() C:\\Users\\radiofisik\\Desktop\\kgnictasks\\root\\vendor\\yiisoft\\yii2\\base\\Controller.php:151
[Sat Apr 25 21:43:36.210118 2015] [:error] [pid 6268:tid 1076] [client ::1:60229] PHP   7. call_user_func_array:{C:\\Users\\radiofisik\\Desktop\\kgnictasks\\root\\vendor\\yiisoft\\yii2\\base\\InlineAction.php:55}() C:\\Users\\radiofisik\\Desktop\\kgnictasks\\root\\vendor\\yiisoft\\yii2\\base\\InlineAction.php:55
[Sat Apr 25 21:43:36.210118 2015] [:error] [pid 6268:tid 1076] [client ::1:60229] PHP   8. frontend\\controllers\\SiteController->actionIndex() C:\\Users\\radiofisik\\Desktop\\kgnictasks\\root\\vendor\\yiisoft\\yii2\\base\\InlineAction.php:55
[Sat Apr 25 21:43:36.210118 2015] [:error] [pid 6268:tid 1076] [client ::1:60229] PHP   9. yii\\base\\Controller->render() C:\\Users\\radiofisik\\Desktop\\kgnictasks\\root\\frontend\\controllers\\SiteController.php:70
[Sat Apr 25 21:43:36.210118 2015] [:error] [pid 6268:tid 1076] [client ::1:60229] PHP  10. yii\\base\\View->render() C:\\Users\\radiofisik\\Desktop\\kgnictasks\\root\\vendor\\yiisoft\\yii2\\base\\Controller.php:367
[Sat Apr 25 21:43:36.210118 2015] [:error] [pid 6268:tid 1076] [client ::1:60229] PHP  11. yii\\base\\View->renderFile() C:\\Users\\radiofisik\\Desktop\\kgnictasks\\root\\vendor\\yiisoft\\yii2\\base\\View.php:149
[Sat Apr 25 21:43:36.210118 2015] [:error] [pid 6268:tid 1076] [client ::1:60229] PHP  12. yii\\base\\View->renderPhpFile() C:\\Users\\radiofisik\\Desktop\\kgnictasks\\root\\vendor\\yiisoft\\yii2\\base\\View.php:247
[Sat Apr 25 22:33:57.212575 2015] [:error] [pid 6268:tid 1068] [client ::1:61165] PHP Parse error:  syntax error, unexpected 'hi' (T_STRING) in C:\\Users\\radiofisik\\Desktop\\kgnictasks\\root\\frontend\\views\\site\\index.php on line 27
[Sat Apr 25 22:33:57.212575 2015] [:error] [pid 6268:tid 1068] [client ::1:61165] PHP Stack trace:
[Sat Apr 25 22:33:57.212575 2015] [:error] [pid 6268:tid 1068] [client ::1:61165] PHP   1. {main}() C:\\Users\\radiofisik\\Desktop\\kgnictasks\\root\\frontend\\web\\index.php:0
[Sat Apr 25 22:33:57.212575 2015] [:error] [pid 6268:tid 1068] [client ::1:61165] PHP   2. yii\\base\\Application->run() C:\\Users\\radiofisik\\Desktop\\kgnictasks\\root\\frontend\\web\\index.php:18
[Sat Apr 25 22:33:57.213576 2015] [:error] [pid 6268:tid 1068] [client ::1:61165] PHP   3. yii\\web\\Application->handleRequest() C:\\Users\\radiofisik\\Desktop\\kgnictasks\\root\\vendor\\yiisoft\\yii2\\base\\Application.php:375
[Sat Apr 25 22:33:57.213576 2015] [:error] [pid 6268:tid 1068] [client ::1:61165] PHP   4. yii\\base\\Module->runAction() C:\\Users\\radiofisik\\Desktop\\kgnictasks\\root\\vendor\\yiisoft\\yii2\\web\\Application.php:83
[Sat Apr 25 22:33:57.213576 2015] [:error] [pid 6268:tid 1068] [client ::1:61165] PHP   5. yii\\base\\Controller->runAction() C:\\Users\\radiofisik\\Desktop\\kgnictasks\\root\\vendor\\yiisoft\\yii2\\base\\Module.php:455
[Sat Apr 25 22:33:57.213576 2015] [:error] [pid 6268:tid 1068] [client ::1:61165] PHP   6. yii\\base\\InlineAction->runWithParams() C:\\Users\\radiofisik\\Desktop\\kgnictasks\\root\\vendor\\yiisoft\\yii2\\base\\Controller.php:151
[Sat Apr 25 22:33:57.213576 2015] [:error] [pid 6268:tid 1068] [client ::1:61165] PHP   7. call_user_func_array:{C:\\Users\\radiofisik\\Desktop\\kgnictasks\\root\\vendor\\yiisoft\\yii2\\base\\InlineAction.php:55}() C:\\Users\\radiofisik\\Desktop\\kgnictasks\\root\\vendor\\yiisoft\\yii2\\base\\InlineAction.php:55
[Sat Apr 25 22:33:57.213576 2015] [:error] [pid 6268:tid 1068] [client ::1:61165] PHP   8. frontend\\controllers\\SiteController->actionIndex() C:\\Users\\radiofisik\\Desktop\\kgnictasks\\root\\vendor\\yiisoft\\yii2\\base\\InlineAction.php:55
[Sat Apr 25 22:33:57.213576 2015] [:error] [pid 6268:tid 1068] [client ::1:61165] PHP   9. yii\\base\\Controller->render() C:\\Users\\radiofisik\\Desktop\\kgnictasks\\root\\frontend\\controllers\\SiteController.php:70
[Sat Apr 25 22:33:57.213576 2015] [:error] [pid 6268:tid 1068] [client ::1:61165] PHP  10. yii\\base\\View->render() C:\\Users\\radiofisik\\Desktop\\kgnictasks\\root\\vendor\\yiisoft\\yii2\\base\\Controller.php:367
[Sat Apr 25 22:33:57.213576 2015] [:error] [pid 6268:tid 1068] [client ::1:61165] PHP  11. yii\\base\\View->renderFile() C:\\Users\\radiofisik\\Desktop\\kgnictasks\\root\\vendor\\yiisoft\\yii2\\base\\View.php:149
[Sat Apr 25 22:33:57.213576 2015] [:error] [pid 6268:tid 1068] [client ::1:61165] PHP  12. yii\\base\\View->renderPhpFile() C:\\Users\\radiofisik\\Desktop\\kgnictasks\\root\\vendor\\yiisoft\\yii2\\base\\View.php:247
[Sat Apr 25 22:34:46.073581 2015] [:error] [pid 6268:tid 1068] [client ::1:61168] PHP Parse error:  syntax error, unexpected end of file, expecting variable (T_VARIABLE) or ${ (T_DOLLAR_OPEN_CURLY_BRACES) or {$ (T_CURLY_OPEN) in C:\\Users\\radiofisik\\Desktop\\kgnictasks\\root\\frontend\\views\\site\\index.php on line 57
[Sat Apr 25 22:34:46.073581 2015] [:error] [pid 6268:tid 1068] [client ::1:61168] PHP Stack trace:
[Sat Apr 25 22:34:46.073581 2015] [:error] [pid 6268:tid 1068] [client ::1:61168] PHP   1. {main}() C:\\Users\\radiofisik\\Desktop\\kgnictasks\\root\\frontend\\web\\index.php:0
[Sat Apr 25 22:34:46.073581 2015] [:error] [pid 6268:tid 1068] [client ::1:61168] PHP   2. yii\\base\\Application->run() C:\\Users\\radiofisik\\Desktop\\kgnictasks\\root\\frontend\\web\\index.php:18
[Sat Apr 25 22:34:46.073581 2015] [:error] [pid 6268:tid 1068] [client ::1:61168] PHP   3. yii\\web\\Application->handleRequest() C:\\Users\\radiofisik\\Desktop\\kgnictasks\\root\\vendor\\yiisoft\\yii2\\base\\Application.php:375
[Sat Apr 25 22:34:46.073581 2015] [:error] [pid 6268:tid 1068] [client ::1:61168] PHP   4. yii\\base\\Module->runAction() C:\\Users\\radiofisik\\Desktop\\kgnictasks\\root\\vendor\\yiisoft\\yii2\\web\\Application.php:83
[Sat Apr 25 22:34:46.073581 2015] [:error] [pid 6268:tid 1068] [client ::1:61168] PHP   5. yii\\base\\Controller->runAction() C:\\Users\\radiofisik\\Desktop\\kgnictasks\\root\\vendor\\yiisoft\\yii2\\base\\Module.php:455
[Sat Apr 25 22:34:46.073581 2015] [:error] [pid 6268:tid 1068] [client ::1:61168] PHP   6. yii\\base\\InlineAction->runWithParams() C:\\Users\\radiofisik\\Desktop\\kgnictasks\\root\\vendor\\yiisoft\\yii2\\base\\Controller.php:151
[Sat Apr 25 22:34:46.073581 2015] [:error] [pid 6268:tid 1068] [client ::1:61168] PHP   7. call_user_func_array:{C:\\Users\\radiofisik\\Desktop\\kgnictasks\\root\\vendor\\yiisoft\\yii2\\base\\InlineAction.php:55}() C:\\Users\\radiofisik\\Desktop\\kgnictasks\\root\\vendor\\yiisoft\\yii2\\base\\InlineAction.php:55
[Sat Apr 25 22:34:46.073581 2015] [:error] [pid 6268:tid 1068] [client ::1:61168] PHP   8. frontend\\controllers\\SiteController->actionIndex() C:\\Users\\radiofisik\\Desktop\\kgnictasks\\root\\vendor\\yiisoft\\yii2\\base\\InlineAction.php:55
[Sat Apr 25 22:34:46.073581 2015] [:error] [pid 6268:tid 1068] [client ::1:61168] PHP   9. yii\\base\\Controller->render() C:\\Users\\radiofisik\\Desktop\\kgnictasks\\root\\frontend\\controllers\\SiteController.php:70
[Sat Apr 25 22:34:46.073581 2015] [:error] [pid 6268:tid 1068] [client ::1:61168] PHP  10. yii\\base\\View->render() C:\\Users\\radiofisik\\Desktop\\kgnictasks\\root\\vendor\\yiisoft\\yii2\\base\\Controller.php:367
[Sat Apr 25 22:34:46.073581 2015] [:error] [pid 6268:tid 1068] [client ::1:61168] PHP  11. yii\\base\\View->renderFile() C:\\Users\\radiofisik\\Desktop\\kgnictasks\\root\\vendor\\yiisoft\\yii2\\base\\View.php:149
[Sat Apr 25 22:34:46.073581 2015] [:error] [pid 6268:tid 1068] [client ::1:61168] PHP  12. yii\\base\\View->renderPhpFile() C:\\Users\\radiofisik\\Desktop\\kgnictasks\\root\\vendor\\yiisoft\\yii2\\base\\View.php:247
[Sat Apr 25 22:35:20.852933 2015] [:error] [pid 6268:tid 1068] [client ::1:61171] PHP Parse error:  syntax error, unexpected end of file, expecting variable (T_VARIABLE) or ${ (T_DOLLAR_OPEN_CURLY_BRACES) or {$ (T_CURLY_OPEN) in C:\\Users\\radiofisik\\Desktop\\kgnictasks\\root\\frontend\\views\\site\\index.php on line 57
[Sat Apr 25 22:35:20.852933 2015] [:error] [pid 6268:tid 1068] [client ::1:61171] PHP Stack trace:
[Sat Apr 25 22:35:20.852933 2015] [:error] [pid 6268:tid 1068] [client ::1:61171] PHP   1. {main}() C:\\Users\\radiofisik\\Desktop\\kgnictasks\\root\\frontend\\web\\index.php:0
[Sat Apr 25 22:35:20.852933 2015] [:error] [pid 6268:tid 1068] [client ::1:61171] PHP   2. yii\\base\\Application->run() C:\\Users\\radiofisik\\Desktop\\kgnictasks\\root\\frontend\\web\\index.php:18
[Sat Apr 25 22:35:20.852933 2015] [:error] [pid 6268:tid 1068] [client ::1:61171] PHP   3. yii\\web\\Application->handleRequest() C:\\Users\\radiofisik\\Desktop\\kgnictasks\\root\\vendor\\yiisoft\\yii2\\base\\Application.php:375
[Sat Apr 25 22:35:20.852933 2015] [:error] [pid 6268:tid 1068] [client ::1:61171] PHP   4. yii\\base\\Module->runAction() C:\\Users\\radiofisik\\Desktop\\kgnictasks\\root\\vendor\\yiisoft\\yii2\\web\\Application.php:83
[Sat Apr 25 22:35:20.852933 2015] [:error] [pid 6268:tid 1068] [client ::1:61171] PHP   5. yii\\base\\Controller->runAction() C:\\Users\\radiofisik\\Desktop\\kgnictasks\\root\\vendor\\yiisoft\\yii2\\base\\Module.php:455
[Sat Apr 25 22:35:20.852933 2015] [:error] [pid 6268:tid 1068] [client ::1:61171] PHP   6. yii\\base\\InlineAction->runWithParams() C:\\Users\\radiofisik\\Desktop\\kgnictasks\\root\\vendor\\yiisoft\\yii2\\base\\Controller.php:151
[Sat Apr 25 22:35:20.852933 2015] [:error] [pid 6268:tid 1068] [client ::1:61171] PHP   7. call_user_func_array:{C:\\Users\\radiofisik\\Desktop\\kgnictasks\\root\\vendor\\yiisoft\\yii2\\base\\InlineAction.php:55}() C:\\Users\\radiofisik\\Desktop\\kgnictasks\\root\\vendor\\yiisoft\\yii2\\base\\InlineAction.php:55
[Sat Apr 25 22:35:20.852933 2015] [:error] [pid 6268:tid 1068] [client ::1:61171] PHP   8. frontend\\controllers\\SiteController->actionIndex() C:\\Users\\radiofisik\\Desktop\\kgnictasks\\root\\vendor\\yiisoft\\yii2\\base\\InlineAction.php:55
[Sat Apr 25 22:35:20.852933 2015] [:error] [pid 6268:tid 1068] [client ::1:61171] PHP   9. yii\\base\\Controller->render() C:\\Users\\radiofisik\\Desktop\\kgnictasks\\root\\frontend\\controllers\\SiteController.php:70
[Sat Apr 25 22:35:20.852933 2015] [:error] [pid 6268:tid 1068] [client ::1:61171] PHP  10. yii\\base\\View->render() C:\\Users\\radiofisik\\Desktop\\kgnictasks\\root\\vendor\\yiisoft\\yii2\\base\\Controller.php:367
[Sat Apr 25 22:35:20.852933 2015] [:error] [pid 6268:tid 1068] [client ::1:61171] PHP  11. yii\\base\\View->renderFile() C:\\Users\\radiofisik\\Desktop\\kgnictasks\\root\\vendor\\yiisoft\\yii2\\base\\View.php:149
[Sat Apr 25 22:35:20.852933 2015] [:error] [pid 6268:tid 1068] [client ::1:61171] PHP  12. yii\\base\\View->renderPhpFile() C:\\Users\\radiofisik\\Desktop\\kgnictasks\\root\\vendor\\yiisoft\\yii2\\base\\View.php:247
[Sat Apr 25 22:36:24.037983 2015] [:error] [pid 6268:tid 1068] [client ::1:61178] PHP Parse error:  syntax error, unexpected end of file, expecting variable (T_VARIABLE) or ${ (T_DOLLAR_OPEN_CURLY_BRACES) or {$ (T_CURLY_OPEN) in C:\\Users\\radiofisik\\Desktop\\kgnictasks\\root\\frontend\\views\\site\\index.php on line 57
[Sat Apr 25 22:36:24.037983 2015] [:error] [pid 6268:tid 1068] [client ::1:61178] PHP Stack trace:
[Sat Apr 25 22:36:24.037983 2015] [:error] [pid 6268:tid 1068] [client ::1:61178] PHP   1. {main}() C:\\Users\\radiofisik\\Desktop\\kgnictasks\\root\\frontend\\web\\index.php:0
[Sat Apr 25 22:36:24.037983 2015] [:error] [pid 6268:tid 1068] [client ::1:61178] PHP   2. yii\\base\\Application->run() C:\\Users\\radiofisik\\Desktop\\kgnictasks\\root\\frontend\\web\\index.php:18
[Sat Apr 25 22:36:24.037983 2015] [:error] [pid 6268:tid 1068] [client ::1:61178] PHP   3. yii\\web\\Application->handleRequest() C:\\Users\\radiofisik\\Desktop\\kgnictasks\\root\\vendor\\yiisoft\\yii2\\base\\Application.php:375
[Sat Apr 25 22:36:24.037983 2015] [:error] [pid 6268:tid 1068] [client ::1:61178] PHP   4. yii\\base\\Module->runAction() C:\\Users\\radiofisik\\Desktop\\kgnictasks\\root\\vendor\\yiisoft\\yii2\\web\\Application.php:83
[Sat Apr 25 22:36:24.037983 2015] [:error] [pid 6268:tid 1068] [client ::1:61178] PHP   5. yii\\base\\Controller->runAction() C:\\Users\\radiofisik\\Desktop\\kgnictasks\\root\\vendor\\yiisoft\\yii2\\base\\Module.php:455
[Sat Apr 25 22:36:24.037983 2015] [:error] [pid 6268:tid 1068] [client ::1:61178] PHP   6. yii\\base\\InlineAction->runWithParams() C:\\Users\\radiofisik\\Desktop\\kgnictasks\\root\\vendor\\yiisoft\\yii2\\base\\Controller.php:151
[Sat Apr 25 22:36:24.037983 2015] [:error] [pid 6268:tid 1068] [client ::1:61178] PHP   7. call_user_func_array:{C:\\Users\\radiofisik\\Desktop\\kgnictasks\\root\\vendor\\yiisoft\\yii2\\base\\InlineAction.php:55}() C:\\Users\\radiofisik\\Desktop\\kgnictasks\\root\\vendor\\yiisoft\\yii2\\base\\InlineAction.php:55
[Sat Apr 25 22:36:24.037983 2015] [:error] [pid 6268:tid 1068] [client ::1:61178] PHP   8. frontend\\controllers\\SiteController->actionIndex() C:\\Users\\radiofisik\\Desktop\\kgnictasks\\root\\vendor\\yiisoft\\yii2\\base\\InlineAction.php:55
[Sat Apr 25 22:36:24.037983 2015] [:error] [pid 6268:tid 1068] [client ::1:61178] PHP   9. yii\\base\\Controller->render() C:\\Users\\radiofisik\\Desktop\\kgnictasks\\root\\frontend\\controllers\\SiteController.php:70
[Sat Apr 25 22:36:24.037983 2015] [:error] [pid 6268:tid 1068] [client ::1:61178] PHP  10. yii\\base\\View->render() C:\\Users\\radiofisik\\Desktop\\kgnictasks\\root\\vendor\\yiisoft\\yii2\\base\\Controller.php:367
[Sat Apr 25 22:36:24.037983 2015] [:error] [pid 6268:tid 1068] [client ::1:61178] PHP  11. yii\\base\\View->renderFile() C:\\Users\\radiofisik\\Desktop\\kgnictasks\\root\\vendor\\yiisoft\\yii2\\base\\View.php:149
[Sat Apr 25 22:36:24.037983 2015] [:error] [pid 6268:tid 1068] [client ::1:61178] PHP  12. yii\\base\\View->renderPhpFile() C:\\Users\\radiofisik\\Desktop\\kgnictasks\\root\\vendor\\yiisoft\\yii2\\base\\View.php:247
[Sat Apr 25 22:37:44.874906 2015] [:error] [pid 6268:tid 1068] [client ::1:61185] PHP Parse error:  syntax error, unexpected ',' in C:\\Users\\radiofisik\\Desktop\\kgnictasks\\root\\frontend\\views\\site\\index.php on line 28
[Sat Apr 25 22:37:44.874906 2015] [:error] [pid 6268:tid 1068] [client ::1:61185] PHP Stack trace:
[Sat Apr 25 22:37:44.874906 2015] [:error] [pid 6268:tid 1068] [client ::1:61185] PHP   1. {main}() C:\\Users\\radiofisik\\Desktop\\kgnictasks\\root\\frontend\\web\\index.php:0
[Sat Apr 25 22:37:44.874906 2015] [:error] [pid 6268:tid 1068] [client ::1:61185] PHP   2. yii\\base\\Application->run() C:\\Users\\radiofisik\\Desktop\\kgnictasks\\root\\frontend\\web\\index.php:18
[Sat Apr 25 22:37:44.874906 2015] [:error] [pid 6268:tid 1068] [client ::1:61185] PHP   3. yii\\web\\Application->handleRequest() C:\\Users\\radiofisik\\Desktop\\kgnictasks\\root\\vendor\\yiisoft\\yii2\\base\\Application.php:375
[Sat Apr 25 22:37:44.874906 2015] [:error] [pid 6268:tid 1068] [client ::1:61185] PHP   4. yii\\base\\Module->runAction() C:\\Users\\radiofisik\\Desktop\\kgnictasks\\root\\vendor\\yiisoft\\yii2\\web\\Application.php:83
[Sat Apr 25 22:37:44.874906 2015] [:error] [pid 6268:tid 1068] [client ::1:61185] PHP   5. yii\\base\\Controller->runAction() C:\\Users\\radiofisik\\Desktop\\kgnictasks\\root\\vendor\\yiisoft\\yii2\\base\\Module.php:455
[Sat Apr 25 22:37:44.874906 2015] [:error] [pid 6268:tid 1068] [client ::1:61185] PHP   6. yii\\base\\InlineAction->runWithParams() C:\\Users\\radiofisik\\Desktop\\kgnictasks\\root\\vendor\\yiisoft\\yii2\\base\\Controller.php:151
[Sat Apr 25 22:37:44.874906 2015] [:error] [pid 6268:tid 1068] [client ::1:61185] PHP   7. call_user_func_array:{C:\\Users\\radiofisik\\Desktop\\kgnictasks\\root\\vendor\\yiisoft\\yii2\\base\\InlineAction.php:55}() C:\\Users\\radiofisik\\Desktop\\kgnictasks\\root\\vendor\\yiisoft\\yii2\\base\\InlineAction.php:55
[Sat Apr 25 22:37:44.874906 2015] [:error] [pid 6268:tid 1068] [client ::1:61185] PHP   8. frontend\\controllers\\SiteController->actionIndex() C:\\Users\\radiofisik\\Desktop\\kgnictasks\\root\\vendor\\yiisoft\\yii2\\base\\InlineAction.php:55
[Sat Apr 25 22:37:44.874906 2015] [:error] [pid 6268:tid 1068] [client ::1:61185] PHP   9. yii\\base\\Controller->render() C:\\Users\\radiofisik\\Desktop\\kgnictasks\\root\\frontend\\controllers\\SiteController.php:70
[Sat Apr 25 22:37:44.874906 2015] [:error] [pid 6268:tid 1068] [client ::1:61185] PHP  10. yii\\base\\View->render() C:\\Users\\radiofisik\\Desktop\\kgnictasks\\root\\vendor\\yiisoft\\yii2\\base\\Controller.php:367
[Sat Apr 25 22:37:44.874906 2015] [:error] [pid 6268:tid 1068] [client ::1:61185] PHP  11. yii\\base\\View->renderFile() C:\\Users\\radiofisik\\Desktop\\kgnictasks\\root\\vendor\\yiisoft\\yii2\\base\\View.php:149
[Sat Apr 25 22:37:44.874906 2015] [:error] [pid 6268:tid 1068] [client ::1:61185] PHP  12. yii\\base\\View->renderPhpFile() C:\\Users\\radiofisik\\Desktop\\kgnictasks\\root\\vendor\\yiisoft\\yii2\\base\\View.php:247
[Sat Apr 25 22:40:05.652224 2015] [:error] [pid 6268:tid 1068] [client ::1:61259] PHP Parse error:  syntax error, unexpected end of file, expecting variable (T_VARIABLE) or ${ (T_DOLLAR_OPEN_CURLY_BRACES) or {$ (T_CURLY_OPEN) in C:\\Users\\radiofisik\\Desktop\\kgnictasks\\root\\frontend\\views\\site\\index.php on line 72
[Sat Apr 25 22:40:05.652224 2015] [:error] [pid 6268:tid 1068] [client ::1:61259] PHP Stack trace:
[Sat Apr 25 22:40:05.652224 2015] [:error] [pid 6268:tid 1068] [client ::1:61259] PHP   1. {main}() C:\\Users\\radiofisik\\Desktop\\kgnictasks\\root\\frontend\\web\\index.php:0
[Sat Apr 25 22:40:05.652224 2015] [:error] [pid 6268:tid 1068] [client ::1:61259] PHP   2. yii\\base\\Application->run() C:\\Users\\radiofisik\\Desktop\\kgnictasks\\root\\frontend\\web\\index.php:18
[Sat Apr 25 22:40:05.652224 2015] [:error] [pid 6268:tid 1068] [client ::1:61259] PHP   3. yii\\web\\Application->handleRequest() C:\\Users\\radiofisik\\Desktop\\kgnictasks\\root\\vendor\\yiisoft\\yii2\\base\\Application.php:375
[Sat Apr 25 22:40:05.652224 2015] [:error] [pid 6268:tid 1068] [client ::1:61259] PHP   4. yii\\base\\Module->runAction() C:\\Users\\radiofisik\\Desktop\\kgnictasks\\root\\vendor\\yiisoft\\yii2\\web\\Application.php:83
[Sat Apr 25 22:40:05.652224 2015] [:error] [pid 6268:tid 1068] [client ::1:61259] PHP   5. yii\\base\\Controller->runAction() C:\\Users\\radiofisik\\Desktop\\kgnictasks\\root\\vendor\\yiisoft\\yii2\\base\\Module.php:455
[Sat Apr 25 22:40:05.652224 2015] [:error] [pid 6268:tid 1068] [client ::1:61259] PHP   6. yii\\base\\InlineAction->runWithParams() C:\\Users\\radiofisik\\Desktop\\kgnictasks\\root\\vendor\\yiisoft\\yii2\\base\\Controller.php:151
[Sat Apr 25 22:40:05.652224 2015] [:error] [pid 6268:tid 1068] [client ::1:61259] PHP   7. call_user_func_array:{C:\\Users\\radiofisik\\Desktop\\kgnictasks\\root\\vendor\\yiisoft\\yii2\\base\\InlineAction.php:55}() C:\\Users\\radiofisik\\Desktop\\kgnictasks\\root\\vendor\\yiisoft\\yii2\\base\\InlineAction.php:55
[Sat Apr 25 22:40:05.652224 2015] [:error] [pid 6268:tid 1068] [client ::1:61259] PHP   8. frontend\\controllers\\SiteController->actionIndex() C:\\Users\\radiofisik\\Desktop\\kgnictasks\\root\\vendor\\yiisoft\\yii2\\base\\InlineAction.php:55
[Sat Apr 25 22:40:05.652224 2015] [:error] [pid 6268:tid 1068] [client ::1:61259] PHP   9. yii\\base\\Controller->render() C:\\Users\\radiofisik\\Desktop\\kgnictasks\\root\\frontend\\controllers\\SiteController.php:70
[Sat Apr 25 22:40:05.652224 2015] [:error] [pid 6268:tid 1068] [client ::1:61259] PHP  10. yii\\base\\View->render() C:\\Users\\radiofisik\\Desktop\\kgnictasks\\root\\vendor\\yiisoft\\yii2\\base\\Controller.php:367
[Sat Apr 25 22:40:05.652224 2015] [:error] [pid 6268:tid 1068] [client ::1:61259] PHP  11. yii\\base\\View->renderFile() C:\\Users\\radiofisik\\Desktop\\kgnictasks\\root\\vendor\\yiisoft\\yii2\\base\\View.php:149
[Sat Apr 25 22:40:05.652224 2015] [:error] [pid 6268:tid 1068] [client ::1:61259] PHP  12. yii\\base\\View->renderPhpFile() C:\\Users\\radiofisik\\Desktop\\kgnictasks\\root\\vendor\\yiisoft\\yii2\\base\\View.php:247
[Sat Apr 25 22:40:25.260305 2015] [:error] [pid 6268:tid 1068] [client ::1:61262] PHP Parse error:  syntax error, unexpected end of file, expecting variable (T_VARIABLE) or ${ (T_DOLLAR_OPEN_CURLY_BRACES) or {$ (T_CURLY_OPEN) in C:\\Users\\radiofisik\\Desktop\\kgnictasks\\root\\frontend\\views\\site\\index.php on line 72
[Sat Apr 25 22:40:25.260305 2015] [:error] [pid 6268:tid 1068] [client ::1:61262] PHP Stack trace:
[Sat Apr 25 22:40:25.260305 2015] [:error] [pid 6268:tid 1068] [client ::1:61262] PHP   1. {main}() C:\\Users\\radiofisik\\Desktop\\kgnictasks\\root\\frontend\\web\\index.php:0
[Sat Apr 25 22:40:25.260305 2015] [:error] [pid 6268:tid 1068] [client ::1:61262] PHP   2. yii\\base\\Application->run() C:\\Users\\radiofisik\\Desktop\\kgnictasks\\root\\frontend\\web\\index.php:18
[Sat Apr 25 22:40:25.260305 2015] [:error] [pid 6268:tid 1068] [client ::1:61262] PHP   3. yii\\web\\Application->handleRequest() C:\\Users\\radiofisik\\Desktop\\kgnictasks\\root\\vendor\\yiisoft\\yii2\\base\\Application.php:375
[Sat Apr 25 22:40:25.260305 2015] [:error] [pid 6268:tid 1068] [client ::1:61262] PHP   4. yii\\base\\Module->runAction() C:\\Users\\radiofisik\\Desktop\\kgnictasks\\root\\vendor\\yiisoft\\yii2\\web\\Application.php:83
[Sat Apr 25 22:40:25.260305 2015] [:error] [pid 6268:tid 1068] [client ::1:61262] PHP   5. yii\\base\\Controller->runAction() C:\\Users\\radiofisik\\Desktop\\kgnictasks\\root\\vendor\\yiisoft\\yii2\\base\\Module.php:455
[Sat Apr 25 22:40:25.260305 2015] [:error] [pid 6268:tid 1068] [client ::1:61262] PHP   6. yii\\base\\InlineAction->runWithParams() C:\\Users\\radiofisik\\Desktop\\kgnictasks\\root\\vendor\\yiisoft\\yii2\\base\\Controller.php:151
[Sat Apr 25 22:40:25.260305 2015] [:error] [pid 6268:tid 1068] [client ::1:61262] PHP   7. call_user_func_array:{C:\\Users\\radiofisik\\Desktop\\kgnictasks\\root\\vendor\\yiisoft\\yii2\\base\\InlineAction.php:55}() C:\\Users\\radiofisik\\Desktop\\kgnictasks\\root\\vendor\\yiisoft\\yii2\\base\\InlineAction.php:55
[Sat Apr 25 22:40:25.260305 2015] [:error] [pid 6268:tid 1068] [client ::1:61262] PHP   8. frontend\\controllers\\SiteController->actionIndex() C:\\Users\\radiofisik\\Desktop\\kgnictasks\\root\\vendor\\yiisoft\\yii2\\base\\InlineAction.php:55
[Sat Apr 25 22:40:25.260305 2015] [:error] [pid 6268:tid 1068] [client ::1:61262] PHP   9. yii\\base\\Controller->render() C:\\Users\\radiofisik\\Desktop\\kgnictasks\\root\\frontend\\controllers\\SiteController.php:70
[Sat Apr 25 22:40:25.260305 2015] [:error] [pid 6268:tid 1068] [client ::1:61262] PHP  10. yii\\base\\View->render() C:\\Users\\radiofisik\\Desktop\\kgnictasks\\root\\vendor\\yiisoft\\yii2\\base\\Controller.php:367
[Sat Apr 25 22:40:25.260305 2015] [:error] [pid 6268:tid 1068] [client ::1:61262] PHP  11. yii\\base\\View->renderFile() C:\\Users\\radiofisik\\Desktop\\kgnictasks\\root\\vendor\\yiisoft\\yii2\\base\\View.php:149
[Sat Apr 25 22:40:25.260305 2015] [:error] [pid 6268:tid 1068] [client ::1:61262] PHP  12. yii\\base\\View->renderPhpFile() C:\\Users\\radiofisik\\Desktop\\kgnictasks\\root\\vendor\\yiisoft\\yii2\\base\\View.php:247
[Sat Apr 25 22:43:35.429008 2015] [:error] [pid 6268:tid 1068] [client ::1:61280] PHP Parse error:  syntax error, unexpected ',' in C:\\Users\\radiofisik\\Desktop\\kgnictasks\\root\\frontend\\views\\site\\index.php on line 25
[Sat Apr 25 22:43:35.429008 2015] [:error] [pid 6268:tid 1068] [client ::1:61280] PHP Stack trace:
[Sat Apr 25 22:43:35.429008 2015] [:error] [pid 6268:tid 1068] [client ::1:61280] PHP   1. {main}() C:\\Users\\radiofisik\\Desktop\\kgnictasks\\root\\frontend\\web\\index.php:0
[Sat Apr 25 22:43:35.429008 2015] [:error] [pid 6268:tid 1068] [client ::1:61280] PHP   2. yii\\base\\Application->run() C:\\Users\\radiofisik\\Desktop\\kgnictasks\\root\\frontend\\web\\index.php:18
[Sat Apr 25 22:43:35.429008 2015] [:error] [pid 6268:tid 1068] [client ::1:61280] PHP   3. yii\\web\\Application->handleRequest() C:\\Users\\radiofisik\\Desktop\\kgnictasks\\root\\vendor\\yiisoft\\yii2\\base\\Application.php:375
[Sat Apr 25 22:43:35.429008 2015] [:error] [pid 6268:tid 1068] [client ::1:61280] PHP   4. yii\\base\\Module->runAction() C:\\Users\\radiofisik\\Desktop\\kgnictasks\\root\\vendor\\yiisoft\\yii2\\web\\Application.php:83
[Sat Apr 25 22:43:35.429008 2015] [:error] [pid 6268:tid 1068] [client ::1:61280] PHP   5. yii\\base\\Controller->runAction() C:\\Users\\radiofisik\\Desktop\\kgnictasks\\root\\vendor\\yiisoft\\yii2\\base\\Module.php:455
[Sat Apr 25 22:43:35.429008 2015] [:error] [pid 6268:tid 1068] [client ::1:61280] PHP   6. yii\\base\\InlineAction->runWithParams() C:\\Users\\radiofisik\\Desktop\\kgnictasks\\root\\vendor\\yiisoft\\yii2\\base\\Controller.php:151
[Sat Apr 25 22:43:35.429008 2015] [:error] [pid 6268:tid 1068] [client ::1:61280] PHP   7. call_user_func_array:{C:\\Users\\radiofisik\\Desktop\\kgnictasks\\root\\vendor\\yiisoft\\yii2\\base\\InlineAction.php:55}() C:\\Users\\radiofisik\\Desktop\\kgnictasks\\root\\vendor\\yiisoft\\yii2\\base\\InlineAction.php:55
[Sat Apr 25 22:43:35.429008 2015] [:error] [pid 6268:tid 1068] [client ::1:61280] PHP   8. frontend\\controllers\\SiteController->actionIndex() C:\\Users\\radiofisik\\Desktop\\kgnictasks\\root\\vendor\\yiisoft\\yii2\\base\\InlineAction.php:55
[Sat Apr 25 22:43:35.429008 2015] [:error] [pid 6268:tid 1068] [client ::1:61280] PHP   9. yii\\base\\Controller->render() C:\\Users\\radiofisik\\Desktop\\kgnictasks\\root\\frontend\\controllers\\SiteController.php:70
[Sat Apr 25 22:43:35.429008 2015] [:error] [pid 6268:tid 1068] [client ::1:61280] PHP  10. yii\\base\\View->render() C:\\Users\\radiofisik\\Desktop\\kgnictasks\\root\\vendor\\yiisoft\\yii2\\base\\Controller.php:367
[Sat Apr 25 22:43:35.429008 2015] [:error] [pid 6268:tid 1068] [client ::1:61280] PHP  11. yii\\base\\View->renderFile() C:\\Users\\radiofisik\\Desktop\\kgnictasks\\root\\vendor\\yiisoft\\yii2\\base\\View.php:149
[Sat Apr 25 22:43:35.429008 2015] [:error] [pid 6268:tid 1068] [client ::1:61280] PHP  12. yii\\base\\View->renderPhpFile() C:\\Users\\radiofisik\\Desktop\\kgnictasks\\root\\vendor\\yiisoft\\yii2\\base\\View.php:247
[Sat Apr 25 22:45:04.774054 2015] [:error] [pid 6268:tid 1068] [client ::1:61308] PHP Parse error:  syntax error, unexpected 'hi' (T_STRING) in C:\\Users\\radiofisik\\Desktop\\kgnictasks\\root\\frontend\\views\\site\\index.php on line 25
[Sat Apr 25 22:45:04.774054 2015] [:error] [pid 6268:tid 1068] [client ::1:61308] PHP Stack trace:
[Sat Apr 25 22:45:04.774054 2015] [:error] [pid 6268:tid 1068] [client ::1:61308] PHP   1. {main}() C:\\Users\\radiofisik\\Desktop\\kgnictasks\\root\\frontend\\web\\index.php:0
[Sat Apr 25 22:45:04.774054 2015] [:error] [pid 6268:tid 1068] [client ::1:61308] PHP   2. yii\\base\\Application->run() C:\\Users\\radiofisik\\Desktop\\kgnictasks\\root\\frontend\\web\\index.php:18
[Sat Apr 25 22:45:04.774054 2015] [:error] [pid 6268:tid 1068] [client ::1:61308] PHP   3. yii\\web\\Application->handleRequest() C:\\Users\\radiofisik\\Desktop\\kgnictasks\\root\\vendor\\yiisoft\\yii2\\base\\Application.php:375
[Sat Apr 25 22:45:04.774054 2015] [:error] [pid 6268:tid 1068] [client ::1:61308] PHP   4. yii\\base\\Module->runAction() C:\\Users\\radiofisik\\Desktop\\kgnictasks\\root\\vendor\\yiisoft\\yii2\\web\\Application.php:83
[Sat Apr 25 22:45:04.774054 2015] [:error] [pid 6268:tid 1068] [client ::1:61308] PHP   5. yii\\base\\Controller->runAction() C:\\Users\\radiofisik\\Desktop\\kgnictasks\\root\\vendor\\yiisoft\\yii2\\base\\Module.php:455
[Sat Apr 25 22:45:04.774054 2015] [:error] [pid 6268:tid 1068] [client ::1:61308] PHP   6. yii\\base\\InlineAction->runWithParams() C:\\Users\\radiofisik\\Desktop\\kgnictasks\\root\\vendor\\yiisoft\\yii2\\base\\Controller.php:151
[Sat Apr 25 22:45:04.774054 2015] [:error] [pid 6268:tid 1068] [client ::1:61308] PHP   7. call_user_func_array:{C:\\Users\\radiofisik\\Desktop\\kgnictasks\\root\\vendor\\yiisoft\\yii2\\base\\InlineAction.php:55}() C:\\Users\\radiofisik\\Desktop\\kgnictasks\\root\\vendor\\yiisoft\\yii2\\base\\InlineAction.php:55
[Sat Apr 25 22:45:04.774054 2015] [:error] [pid 6268:tid 1068] [client ::1:61308] PHP   8. frontend\\controllers\\SiteController->actionIndex() C:\\Users\\radiofisik\\Desktop\\kgnictasks\\root\\vendor\\yiisoft\\yii2\\base\\InlineAction.php:55
[Sat Apr 25 22:45:04.774054 2015] [:error] [pid 6268:tid 1068] [client ::1:61308] PHP   9. yii\\base\\Controller->render() C:\\Users\\radiofisik\\Desktop\\kgnictasks\\root\\frontend\\controllers\\SiteController.php:70
[Sat Apr 25 22:45:04.774054 2015] [:error] [pid 6268:tid 1068] [client ::1:61308] PHP  10. yii\\base\\View->render() C:\\Users\\radiofisik\\Desktop\\kgnictasks\\root\\vendor\\yiisoft\\yii2\\base\\Controller.php:367
[Sat Apr 25 22:45:04.774054 2015] [:error] [pid 6268:tid 1068] [client ::1:61308] PHP  11. yii\\base\\View->renderFile() C:\\Users\\radiofisik\\Desktop\\kgnictasks\\root\\vendor\\yiisoft\\yii2\\base\\View.php:149
[Sat Apr 25 22:45:04.774054 2015] [:error] [pid 6268:tid 1068] [client ::1:61308] PHP  12. yii\\base\\View->renderPhpFile() C:\\Users\\radiofisik\\Desktop\\kgnictasks\\root\\vendor\\yiisoft\\yii2\\base\\View.php:247
[Sat Apr 25 22:45:16.055484 2015] [:error] [pid 6268:tid 1068] [client ::1:61311] PHP Parse error:  syntax error, unexpected 'hi' (T_STRING) in C:\\Users\\radiofisik\\Desktop\\kgnictasks\\root\\frontend\\views\\site\\index.php on line 25
[Sat Apr 25 22:45:16.055484 2015] [:error] [pid 6268:tid 1068] [client ::1:61311] PHP Stack trace:
[Sat Apr 25 22:45:16.055484 2015] [:error] [pid 6268:tid 1068] [client ::1:61311] PHP   1. {main}() C:\\Users\\radiofisik\\Desktop\\kgnictasks\\root\\frontend\\web\\index.php:0
[Sat Apr 25 22:45:16.055484 2015] [:error] [pid 6268:tid 1068] [client ::1:61311] PHP   2. yii\\base\\Application->run() C:\\Users\\radiofisik\\Desktop\\kgnictasks\\root\\frontend\\web\\index.php:18
[Sat Apr 25 22:45:16.055484 2015] [:error] [pid 6268:tid 1068] [client ::1:61311] PHP   3. yii\\web\\Application->handleRequest() C:\\Users\\radiofisik\\Desktop\\kgnictasks\\root\\vendor\\yiisoft\\yii2\\base\\Application.php:375
[Sat Apr 25 22:45:16.055484 2015] [:error] [pid 6268:tid 1068] [client ::1:61311] PHP   4. yii\\base\\Module->runAction() C:\\Users\\radiofisik\\Desktop\\kgnictasks\\root\\vendor\\yiisoft\\yii2\\web\\Application.php:83
[Sat Apr 25 22:45:16.055484 2015] [:error] [pid 6268:tid 1068] [client ::1:61311] PHP   5. yii\\base\\Controller->runAction() C:\\Users\\radiofisik\\Desktop\\kgnictasks\\root\\vendor\\yiisoft\\yii2\\base\\Module.php:455
[Sat Apr 25 22:45:16.055484 2015] [:error] [pid 6268:tid 1068] [client ::1:61311] PHP   6. yii\\base\\InlineAction->runWithParams() C:\\Users\\radiofisik\\Desktop\\kgnictasks\\root\\vendor\\yiisoft\\yii2\\base\\Controller.php:151
[Sat Apr 25 22:45:16.055484 2015] [:error] [pid 6268:tid 1068] [client ::1:61311] PHP   7. call_user_func_array:{C:\\Users\\radiofisik\\Desktop\\kgnictasks\\root\\vendor\\yiisoft\\yii2\\base\\InlineAction.php:55}() C:\\Users\\radiofisik\\Desktop\\kgnictasks\\root\\vendor\\yiisoft\\yii2\\base\\InlineAction.php:55
[Sat Apr 25 22:45:16.055484 2015] [:error] [pid 6268:tid 1068] [client ::1:61311] PHP   8. frontend\\controllers\\SiteController->actionIndex() C:\\Users\\radiofisik\\Desktop\\kgnictasks\\root\\vendor\\yiisoft\\yii2\\base\\InlineAction.php:55
[Sat Apr 25 22:45:16.055484 2015] [:error] [pid 6268:tid 1068] [client ::1:61311] PHP   9. yii\\base\\Controller->render() C:\\Users\\radiofisik\\Desktop\\kgnictasks\\root\\frontend\\controllers\\SiteController.php:70
[Sat Apr 25 22:45:16.055484 2015] [:error] [pid 6268:tid 1068] [client ::1:61311] PHP  10. yii\\base\\View->render() C:\\Users\\radiofisik\\Desktop\\kgnictasks\\root\\vendor\\yiisoft\\yii2\\base\\Controller.php:367
[Sat Apr 25 22:45:16.055484 2015] [:error] [pid 6268:tid 1068] [client ::1:61311] PHP  11. yii\\base\\View->renderFile() C:\\Users\\radiofisik\\Desktop\\kgnictasks\\root\\vendor\\yiisoft\\yii2\\base\\View.php:149
[Sat Apr 25 22:45:16.055484 2015] [:error] [pid 6268:tid 1068] [client ::1:61311] PHP  12. yii\\base\\View->renderPhpFile() C:\\Users\\radiofisik\\Desktop\\kgnictasks\\root\\vendor\\yiisoft\\yii2\\base\\View.php:247
[Sat Apr 25 22:45:20.430530 2015] [:error] [pid 6268:tid 1068] [client ::1:61313] PHP Parse error:  syntax error, unexpected 'hi' (T_STRING) in C:\\Users\\radiofisik\\Desktop\\kgnictasks\\root\\frontend\\views\\site\\index.php on line 25
[Sat Apr 25 22:45:20.430530 2015] [:error] [pid 6268:tid 1068] [client ::1:61313] PHP Stack trace:
[Sat Apr 25 22:45:20.430530 2015] [:error] [pid 6268:tid 1068] [client ::1:61313] PHP   1. {main}() C:\\Users\\radiofisik\\Desktop\\kgnictasks\\root\\frontend\\web\\index.php:0
[Sat Apr 25 22:45:20.430530 2015] [:error] [pid 6268:tid 1068] [client ::1:61313] PHP   2. yii\\base\\Application->run() C:\\Users\\radiofisik\\Desktop\\kgnictasks\\root\\frontend\\web\\index.php:18
[Sat Apr 25 22:45:20.430530 2015] [:error] [pid 6268:tid 1068] [client ::1:61313] PHP   3. yii\\web\\Application->handleRequest() C:\\Users\\radiofisik\\Desktop\\kgnictasks\\root\\vendor\\yiisoft\\yii2\\base\\Application.php:375
[Sat Apr 25 22:45:20.430530 2015] [:error] [pid 6268:tid 1068] [client ::1:61313] PHP   4. yii\\base\\Module->runAction() C:\\Users\\radiofisik\\Desktop\\kgnictasks\\root\\vendor\\yiisoft\\yii2\\web\\Application.php:83
[Sat Apr 25 22:45:20.430530 2015] [:error] [pid 6268:tid 1068] [client ::1:61313] PHP   5. yii\\base\\Controller->runAction() C:\\Users\\radiofisik\\Desktop\\kgnictasks\\root\\vendor\\yiisoft\\yii2\\base\\Module.php:455
[Sat Apr 25 22:45:20.430530 2015] [:error] [pid 6268:tid 1068] [client ::1:61313] PHP   6. yii\\base\\InlineAction->runWithParams() C:\\Users\\radiofisik\\Desktop\\kgnictasks\\root\\vendor\\yiisoft\\yii2\\base\\Controller.php:151
[Sat Apr 25 22:45:20.430530 2015] [:error] [pid 6268:tid 1068] [client ::1:61313] PHP   7. call_user_func_array:{C:\\Users\\radiofisik\\Desktop\\kgnictasks\\root\\vendor\\yiisoft\\yii2\\base\\InlineAction.php:55}() C:\\Users\\radiofisik\\Desktop\\kgnictasks\\root\\vendor\\yiisoft\\yii2\\base\\InlineAction.php:55
[Sat Apr 25 22:45:20.430530 2015] [:error] [pid 6268:tid 1068] [client ::1:61313] PHP   8. frontend\\controllers\\SiteController->actionIndex() C:\\Users\\radiofisik\\Desktop\\kgnictasks\\root\\vendor\\yiisoft\\yii2\\base\\InlineAction.php:55
[Sat Apr 25 22:45:20.430530 2015] [:error] [pid 6268:tid 1068] [client ::1:61313] PHP   9. yii\\base\\Controller->render() C:\\Users\\radiofisik\\Desktop\\kgnictasks\\root\\frontend\\controllers\\SiteController.php:70
[Sat Apr 25 22:45:20.430530 2015] [:error] [pid 6268:tid 1068] [client ::1:61313] PHP  10. yii\\base\\View->render() C:\\Users\\radiofisik\\Desktop\\kgnictasks\\root\\vendor\\yiisoft\\yii2\\base\\Controller.php:367
[Sat Apr 25 22:45:20.430530 2015] [:error] [pid 6268:tid 1068] [client ::1:61313] PHP  11. yii\\base\\View->renderFile() C:\\Users\\radiofisik\\Desktop\\kgnictasks\\root\\vendor\\yiisoft\\yii2\\base\\View.php:149
[Sat Apr 25 22:45:20.430530 2015] [:error] [pid 6268:tid 1068] [client ::1:61313] PHP  12. yii\\base\\View->renderPhpFile() C:\\Users\\radiofisik\\Desktop\\kgnictasks\\root\\vendor\\yiisoft\\yii2\\base\\View.php:247
[Sat Apr 25 22:57:27.635071 2015] [:error] [pid 6268:tid 1052] [client ::1:61557] PHP Fatal error:  Class 'yii2fullcalendar\\models\\Event' not found in C:\\Users\\radiofisik\\Desktop\\kgnictasks\\root\\frontend\\views\\site\\index.php on line 17
[Sat Apr 25 22:57:27.635071 2015] [:error] [pid 6268:tid 1052] [client ::1:61557] PHP Stack trace:
[Sat Apr 25 22:57:27.635071 2015] [:error] [pid 6268:tid 1052] [client ::1:61557] PHP   1. {main}() C:\\Users\\radiofisik\\Desktop\\kgnictasks\\root\\frontend\\web\\index.php:0
[Sat Apr 25 22:57:27.635071 2015] [:error] [pid 6268:tid 1052] [client ::1:61557] PHP   2. yii\\base\\Application->run() C:\\Users\\radiofisik\\Desktop\\kgnictasks\\root\\frontend\\web\\index.php:18
[Sat Apr 25 22:57:27.635071 2015] [:error] [pid 6268:tid 1052] [client ::1:61557] PHP   3. yii\\web\\Application->handleRequest() C:\\Users\\radiofisik\\Desktop\\kgnictasks\\root\\vendor\\yiisoft\\yii2\\base\\Application.php:375
[Sat Apr 25 22:57:27.635071 2015] [:error] [pid 6268:tid 1052] [client ::1:61557] PHP   4. yii\\base\\Module->runAction() C:\\Users\\radiofisik\\Desktop\\kgnictasks\\root\\vendor\\yiisoft\\yii2\\web\\Application.php:83
[Sat Apr 25 22:57:27.635071 2015] [:error] [pid 6268:tid 1052] [client ::1:61557] PHP   5. yii\\base\\Controller->runAction() C:\\Users\\radiofisik\\Desktop\\kgnictasks\\root\\vendor\\yiisoft\\yii2\\base\\Module.php:455
[Sat Apr 25 22:57:27.635071 2015] [:error] [pid 6268:tid 1052] [client ::1:61557] PHP   6. yii\\base\\InlineAction->runWithParams() C:\\Users\\radiofisik\\Desktop\\kgnictasks\\root\\vendor\\yiisoft\\yii2\\base\\Controller.php:151
[Sat Apr 25 22:57:27.635071 2015] [:error] [pid 6268:tid 1052] [client ::1:61557] PHP   7. call_user_func_array:{C:\\Users\\radiofisik\\Desktop\\kgnictasks\\root\\vendor\\yiisoft\\yii2\\base\\InlineAction.php:55}() C:\\Users\\radiofisik\\Desktop\\kgnictasks\\root\\vendor\\yiisoft\\yii2\\base\\InlineAction.php:55
[Sat Apr 25 22:57:27.635071 2015] [:error] [pid 6268:tid 1052] [client ::1:61557] PHP   8. frontend\\controllers\\SiteController->actionIndex() C:\\Users\\radiofisik\\Desktop\\kgnictasks\\root\\vendor\\yiisoft\\yii2\\base\\InlineAction.php:55
[Sat Apr 25 22:57:27.635071 2015] [:error] [pid 6268:tid 1052] [client ::1:61557] PHP   9. yii\\base\\Controller->render() C:\\Users\\radiofisik\\Desktop\\kgnictasks\\root\\frontend\\controllers\\SiteController.php:70
[Sat Apr 25 22:57:27.635071 2015] [:error] [pid 6268:tid 1052] [client ::1:61557] PHP  10. yii\\base\\View->render() C:\\Users\\radiofisik\\Desktop\\kgnictasks\\root\\vendor\\yiisoft\\yii2\\base\\Controller.php:367
[Sat Apr 25 22:57:27.635071 2015] [:error] [pid 6268:tid 1052] [client ::1:61557] PHP  11. yii\\base\\View->renderFile() C:\\Users\\radiofisik\\Desktop\\kgnictasks\\root\\vendor\\yiisoft\\yii2\\base\\View.php:149
[Sat Apr 25 22:57:27.635071 2015] [:error] [pid 6268:tid 1052] [client ::1:61557] PHP  12. yii\\base\\View->renderPhpFile() C:\\Users\\radiofisik\\Desktop\\kgnictasks\\root\\vendor\\yiisoft\\yii2\\base\\View.php:247
[Sat Apr 25 22:57:27.635071 2015] [:error] [pid 6268:tid 1052] [client ::1:61557] PHP  13. require() C:\\Users\\radiofisik\\Desktop\\kgnictasks\\root\\vendor\\yiisoft\\yii2\\base\\View.php:325
