2015-04-06 21:03:29 4972 [Note] Plugin 'FEDERATED' is disabled.
2015-04-06 21:03:29 4972 [Note] InnoDB: The InnoDB memory heap is disabled
2015-04-06 21:03:29 4972 [Note] InnoDB: Mutexes and rw_locks use Windows interlocked functions
2015-04-06 21:03:29 4972 [Note] InnoDB: Compressed tables use zlib 1.2.3
2015-04-06 21:03:29 4972 [Note] InnoDB: Not using CPU crc32 instructions
2015-04-06 21:03:29 4972 [Note] InnoDB: Initializing buffer pool, size = 128.0M
2015-04-06 21:03:29 4972 [Note] InnoDB: Completed initialization of buffer pool
2015-04-06 21:03:29 4972 [Note] InnoDB: Setting log file C:\Users\radiofisik\Desktop\USBWebserver v8.6\mysql\data\ib_logfile101 size to 5 MB
2015-04-06 21:03:30 4972 [Note] InnoDB: Setting log file C:\Users\radiofisik\Desktop\USBWebserver v8.6\mysql\data\ib_logfile1 size to 5 MB
2015-04-06 21:03:30 4972 [Note] InnoDB: Renaming log file C:\Users\radiofisik\Desktop\USBWebserver v8.6\mysql\data\ib_logfile101 to C:\Users\radiofisik\Desktop\USBWebserver v8.6\mysql\data\ib_logfile0
2015-04-06 21:03:30 4972 [Warning] InnoDB: New log files created, LSN=1626134
2015-04-06 21:03:30 4972 [Note] InnoDB: Highest supported file format is Barracuda.
2015-04-06 21:03:30 4972 [Note] InnoDB: 128 rollback segment(s) are active.
2015-04-06 21:03:30 4972 [Note] InnoDB: Waiting for purge to start
2015-04-06 21:03:30 4972 [Note] InnoDB: 5.6.13 started; log sequence number 1626636
2015-04-06 21:03:30 4972 [Warning] No existing UUID has been found, so we assume that this is the first time that this server has been started. Generating a new UUID: 9d2cb1fe-dc8f-11e4-a66e-28d244a2b42e.
2015-04-06 21:03:30 4972 [Note] Server hostname (bind-address): '*'; port: 3307
2015-04-06 21:03:30 4972 [Note] IPv6 is available.
2015-04-06 21:03:30 4972 [Note]   - '::' resolves to '::';
2015-04-06 21:03:30 4972 [Note] Server socket created on IP: '::'.
2015-04-07 22:59:54 4032 [Note] Plugin 'FEDERATED' is disabled.
2015-04-07 22:59:54 4032 [Note] InnoDB: The InnoDB memory heap is disabled
2015-04-07 22:59:54 4032 [Note] InnoDB: Mutexes and rw_locks use Windows interlocked functions
2015-04-07 22:59:54 4032 [Note] InnoDB: Compressed tables use zlib 1.2.3
2015-04-07 22:59:54 4032 [Note] InnoDB: Not using CPU crc32 instructions
2015-04-07 22:59:54 4032 [Note] InnoDB: Initializing buffer pool, size = 128.0M
2015-04-07 22:59:54 4032 [Note] InnoDB: Completed initialization of buffer pool
2015-04-07 22:59:54 4032 [Note] InnoDB: Highest supported file format is Barracuda.
2015-04-07 22:59:54 4032 [Note] InnoDB: The log sequence numbers 1626134 and 1626134 in ibdata files do not match the log sequence number 1626646 in the ib_logfiles!
2015-04-07 22:59:54 4032 [Note] InnoDB: Database was not shutdown normally!
2015-04-07 22:59:54 4032 [Note] InnoDB: Starting crash recovery.
2015-04-07 22:59:54 4032 [Note] InnoDB: Reading tablespace information from the .ibd files...
2015-04-07 22:59:54 4032 [Note] InnoDB: Restoring possible half-written data pages 
2015-04-07 22:59:54 4032 [Note] InnoDB: from the doublewrite buffer...
2015-04-07 22:59:55 4032 [Note] InnoDB: 128 rollback segment(s) are active.
2015-04-07 22:59:55 4032 [Note] InnoDB: Waiting for purge to start
2015-04-07 22:59:55 4032 [Note] InnoDB: 5.6.13 started; log sequence number 1626646
2015-04-07 22:59:55 4032 [Note] Server hostname (bind-address): '*'; port: 3307
2015-04-07 22:59:55 4032 [Note] IPv6 is available.
2015-04-07 22:59:55 4032 [Note]   - '::' resolves to '::';
2015-04-07 22:59:55 4032 [Note] Server socket created on IP: '::'.
2015-04-23 21:11:20 5200 [Note] Plugin 'FEDERATED' is disabled.
2015-04-23 21:11:20 5200 [Note] InnoDB: The InnoDB memory heap is disabled
2015-04-23 21:11:20 5200 [Note] InnoDB: Mutexes and rw_locks use Windows interlocked functions
2015-04-23 21:11:20 5200 [Note] InnoDB: Compressed tables use zlib 1.2.3
2015-04-23 21:11:20 5200 [Note] InnoDB: Not using CPU crc32 instructions
2015-04-23 21:11:20 5200 [Note] InnoDB: Initializing buffer pool, size = 128.0M
2015-04-23 21:11:20 5200 [Note] InnoDB: Completed initialization of buffer pool
2015-04-23 21:11:20 5200 [Note] InnoDB: Highest supported file format is Barracuda.
2015-04-23 21:11:20 5200 [Note] InnoDB: The log sequence numbers 1626134 and 1626134 in ibdata files do not match the log sequence number 2280504 in the ib_logfiles!
2015-04-23 21:11:20 5200 [Note] InnoDB: Database was not shutdown normally!
2015-04-23 21:11:20 5200 [Note] InnoDB: Starting crash recovery.
2015-04-23 21:11:20 5200 [Note] InnoDB: Reading tablespace information from the .ibd files...
2015-04-23 21:11:20 5200 [Note] InnoDB: Restoring possible half-written data pages 
2015-04-23 21:11:20 5200 [Note] InnoDB: from the doublewrite buffer...
2015-04-23 21:11:21 5200 [Note] InnoDB: 128 rollback segment(s) are active.
2015-04-23 21:11:21 5200 [Note] InnoDB: Waiting for purge to start
2015-04-23 21:11:21 5200 [Note] InnoDB: 5.6.13 started; log sequence number 2280504
2015-04-23 21:11:21 5200 [Note] Server hostname (bind-address): '*'; port: 3307
2015-04-23 21:11:21 5200 [Note] IPv6 is available.
2015-04-23 21:11:21 5200 [Note]   - '::' resolves to '::';
2015-04-23 21:11:21 5200 [Note] Server socket created on IP: '::'.
2015-04-25 21:42:09 6324 [Note] Plugin 'FEDERATED' is disabled.
2015-04-25 21:42:09 6324 [Note] InnoDB: The InnoDB memory heap is disabled
2015-04-25 21:42:09 6324 [Note] InnoDB: Mutexes and rw_locks use Windows interlocked functions
2015-04-25 21:42:09 6324 [Note] InnoDB: Compressed tables use zlib 1.2.3
2015-04-25 21:42:09 6324 [Note] InnoDB: Not using CPU crc32 instructions
2015-04-25 21:42:09 6324 [Note] InnoDB: Initializing buffer pool, size = 128.0M
2015-04-25 21:42:09 6324 [Note] InnoDB: Completed initialization of buffer pool
2015-04-25 21:42:10 6324 [Note] InnoDB: Highest supported file format is Barracuda.
2015-04-25 21:42:10 6324 [Note] InnoDB: The log sequence numbers 1626134 and 1626134 in ibdata files do not match the log sequence number 2280514 in the ib_logfiles!
2015-04-25 21:42:10 6324 [Note] InnoDB: Database was not shutdown normally!
2015-04-25 21:42:10 6324 [Note] InnoDB: Starting crash recovery.
2015-04-25 21:42:10 6324 [Note] InnoDB: Reading tablespace information from the .ibd files...
2015-04-25 21:42:10 6324 [Note] InnoDB: Restoring possible half-written data pages 
2015-04-25 21:42:10 6324 [Note] InnoDB: from the doublewrite buffer...
2015-04-25 21:42:10 6324 [Note] InnoDB: 128 rollback segment(s) are active.
2015-04-25 21:42:10 6324 [Note] InnoDB: Waiting for purge to start
2015-04-25 21:42:10 6324 [Note] InnoDB: 5.6.13 started; log sequence number 2280514
2015-04-25 21:42:10 6324 [Note] Server hostname (bind-address): '*'; port: 3307
2015-04-25 21:42:10 6324 [Note] IPv6 is available.
2015-04-25 21:42:10 6324 [Note]   - '::' resolves to '::';
2015-04-25 21:42:10 6324 [Note] Server socket created on IP: '::'.
