2015-04-20 12:19:27 11624 [Note] Plugin 'FEDERATED' is disabled.
2015-04-20 12:19:27 11624 [Note] InnoDB: The InnoDB memory heap is disabled
2015-04-20 12:19:27 11624 [Note] InnoDB: Mutexes and rw_locks use Windows interlocked functions
2015-04-20 12:19:27 11624 [Note] InnoDB: Compressed tables use zlib 1.2.3
2015-04-20 12:19:27 11624 [Note] InnoDB: Not using CPU crc32 instructions
2015-04-20 12:19:27 11624 [Note] InnoDB: Initializing buffer pool, size = 128.0M
2015-04-20 12:19:27 11624 [Note] InnoDB: Completed initialization of buffer pool
2015-04-20 12:19:27 11624 [Note] InnoDB: Highest supported file format is Barracuda.
2015-04-20 12:19:27 11624 [Note] InnoDB: The log sequence numbers 1626134 and 1626134 in ibdata files do not match the log sequence number 1650355 in the ib_logfiles!
2015-04-20 12:19:27 11624 [Note] InnoDB: Database was not shutdown normally!
2015-04-20 12:19:27 11624 [Note] InnoDB: Starting crash recovery.
2015-04-20 12:19:27 11624 [Note] InnoDB: Reading tablespace information from the .ibd files...
2015-04-20 12:19:27 11624 [Note] InnoDB: Restoring possible half-written data pages 
2015-04-20 12:19:27 11624 [Note] InnoDB: from the doublewrite buffer...
2015-04-20 12:19:28 11624 [Note] InnoDB: 128 rollback segment(s) are active.
2015-04-20 12:19:28 11624 [Note] InnoDB: Waiting for purge to start
2015-04-20 12:19:28 11624 [Note] InnoDB: 5.6.13 started; log sequence number 1650355
2015-04-20 12:19:28 11624 [Note] Server hostname (bind-address): '*'; port: 3307
2015-04-20 12:19:28 11624 [Note] IPv6 is available.
2015-04-20 12:19:28 11624 [Note]   - '::' resolves to '::';
2015-04-20 12:19:28 11624 [Note] Server socket created on IP: '::'.
2015-04-20 12:19:28 11624 [Note] Event Scheduler: Loaded 0 events
2015-04-20 12:19:28 11624 [Note] C:\Users\radiofisik\Desktop\kgnictasks/mysql/bin/mysqld_usbwv8.exe: ready for connections.
Version: '5.6.13'  socket: ''  port: 3307  MySQL Community Server (GPL)
2015-04-20 12:19:39 13176 [Note] Plugin 'FEDERATED' is disabled.
2015-04-20 12:19:39 13176 [Note] InnoDB: The InnoDB memory heap is disabled
2015-04-20 12:19:39 13176 [Note] InnoDB: Mutexes and rw_locks use Windows interlocked functions
2015-04-20 12:19:39 13176 [Note] InnoDB: Compressed tables use zlib 1.2.3
2015-04-20 12:19:39 13176 [Note] InnoDB: Not using CPU crc32 instructions
2015-04-20 12:19:39 13176 [Note] InnoDB: Initializing buffer pool, size = 128.0M
2015-04-20 12:19:39 13176 [Note] InnoDB: Completed initialization of buffer pool
2015-04-20 12:19:39 13176 [Note] InnoDB: Highest supported file format is Barracuda.
2015-04-20 12:19:39 13176 [Note] InnoDB: The log sequence numbers 1626134 and 1626134 in ibdata files do not match the log sequence number 1650365 in the ib_logfiles!
2015-04-20 12:19:39 13176 [Note] InnoDB: Database was not shutdown normally!
2015-04-20 12:19:39 13176 [Note] InnoDB: Starting crash recovery.
2015-04-20 12:19:39 13176 [Note] InnoDB: Reading tablespace information from the .ibd files...
2015-04-20 12:19:39 13176 [Note] InnoDB: Restoring possible half-written data pages 
2015-04-20 12:19:39 13176 [Note] InnoDB: from the doublewrite buffer...
2015-04-20 12:19:40 13176 [Note] InnoDB: 128 rollback segment(s) are active.
2015-04-20 12:19:40 13176 [Note] InnoDB: Waiting for purge to start
2015-04-20 12:19:40 13176 [Note] InnoDB: 5.6.13 started; log sequence number 1650365
2015-04-20 12:19:40 13176 [Note] Server hostname (bind-address): '*'; port: 3307
2015-04-20 12:19:40 13176 [Note] IPv6 is available.
2015-04-20 12:19:40 13176 [Note]   - '::' resolves to '::';
2015-04-20 12:19:40 13176 [Note] Server socket created on IP: '::'.
2015-04-20 12:19:40 13176 [Note] Event Scheduler: Loaded 0 events
2015-04-20 12:19:40 13176 [Note] C:\Users\radiofisik\Desktop\kgnictasks/mysql/bin/mysqld_usbwv8.exe: ready for connections.
Version: '5.6.13'  socket: ''  port: 3307  MySQL Community Server (GPL)
2015-04-20 12:29:50 6016 [Note] Plugin 'FEDERATED' is disabled.
2015-04-20 12:29:50 6016 [Note] InnoDB: The InnoDB memory heap is disabled
2015-04-20 12:29:50 6016 [Note] InnoDB: Mutexes and rw_locks use Windows interlocked functions
2015-04-20 12:29:50 6016 [Note] InnoDB: Compressed tables use zlib 1.2.3
2015-04-20 12:29:50 6016 [Note] InnoDB: Not using CPU crc32 instructions
2015-04-20 12:29:50 6016 [Note] InnoDB: Initializing buffer pool, size = 128.0M
2015-04-20 12:29:50 6016 [Note] InnoDB: Completed initialization of buffer pool
2015-04-20 12:29:50 6016 [Note] InnoDB: Highest supported file format is Barracuda.
2015-04-20 12:29:50 6016 [Note] InnoDB: Log scan progressed past the checkpoint lsn 1650365
2015-04-20 12:29:50 6016 [Note] InnoDB: Database was not shutdown normally!
2015-04-20 12:29:50 6016 [Note] InnoDB: Starting crash recovery.
2015-04-20 12:29:50 6016 [Note] InnoDB: Reading tablespace information from the .ibd files...
2015-04-20 12:29:50 6016 [Note] InnoDB: Restoring possible half-written data pages 
2015-04-20 12:29:50 6016 [Note] InnoDB: from the doublewrite buffer...
InnoDB: Doing recovery: scanned up to log sequence number 1650375
2015-04-20 12:29:50 6016 [Note] InnoDB: 128 rollback segment(s) are active.
2015-04-20 12:29:50 6016 [Note] InnoDB: Waiting for purge to start
2015-04-20 12:29:50 6016 [Note] InnoDB: 5.6.13 started; log sequence number 1650375
2015-04-20 12:29:50 6016 [Note] Server hostname (bind-address): '*'; port: 3307
2015-04-20 12:29:50 6016 [Note] IPv6 is available.
2015-04-20 12:29:50 6016 [Note]   - '::' resolves to '::';
2015-04-20 12:29:50 6016 [Note] Server socket created on IP: '::'.
2015-04-20 12:29:51 6016 [Note] Event Scheduler: Loaded 0 events
2015-04-20 12:29:51 6016 [Note] C:\Users\radiofisik\Desktop\kgnictasks/mysql/bin/mysqld_usbwv8.exe: ready for connections.
Version: '5.6.13'  socket: ''  port: 3307  MySQL Community Server (GPL)
